2025-05-11 22:52:03,268 - INFO - Arguments: Namespace(model_type='fc', num_workers=2)
2025-05-11 22:52:03,269 - INFO - Hyperparameters for fc: {'batch_size': 64, 'epochs': 50, 'learning_rate': 0.001, 'weight_decay': 1e-05, 'seed': 42, 'num_classes': 10, 'log_interval': 100, 'model_name': 'fc', 'hidden_sizes': [512, 256, 128], 'dropout_rate': 0.2, 'optimizer': 'adam', 'scheduler': 'step', 'step_size': 5, 'gamma': 0.6}
2025-05-11 22:52:03,269 - INFO - Using device: cuda
2025-05-11 22:52:03,336 - INFO - Dataset loaded: Train=54000, Validation=6000, Test=10000
2025-05-11 22:52:03,468 - INFO - Model selected: fc
2025-05-11 22:52:03,468 - INFO - FCModel(
  (layers): Sequential(
    (0): Linear(in_features=784, out_features=512, bias=True)
    (1): ReLU()
    (2): Dropout(p=0.2, inplace=False)
    (3): Linear(in_features=512, out_features=256, bias=True)
    (4): ReLU()
    (5): Dropout(p=0.2, inplace=False)
    (6): Linear(in_features=256, out_features=128, bias=True)
    (7): ReLU()
    (8): Dropout(p=0.2, inplace=False)
    (9): Linear(in_features=128, out_features=10, bias=True)
  )
)
2025-05-11 22:52:03,470 - INFO - Optimizer: adam, LR: 0.001, Weight Decay: 1e-05
2025-05-11 22:52:03,470 - INFO - Using StepLR scheduler with step_size=5, gamma=0.6
2025-05-11 22:52:03,470 - INFO - Starting training...
2025-05-11 22:52:10,255 - INFO - Epoch [1/50], Step [100/844], Loss: 0.3495, Acc: 0.9062
2025-05-11 22:52:10,630 - INFO - Epoch [1/50], Step [200/844], Loss: 0.3328, Acc: 0.9219
2025-05-11 22:52:10,953 - INFO - Epoch [1/50], Step [300/844], Loss: 0.4815, Acc: 0.8750
2025-05-11 22:52:11,269 - INFO - Epoch [1/50], Step [400/844], Loss: 0.1978, Acc: 0.9531
2025-05-11 22:52:11,565 - INFO - Epoch [1/50], Step [500/844], Loss: 0.4299, Acc: 0.8438
2025-05-11 22:52:11,897 - INFO - Epoch [1/50], Step [600/844], Loss: 0.2123, Acc: 0.9531
2025-05-11 22:52:12,262 - INFO - Epoch [1/50], Step [700/844], Loss: 0.1098, Acc: 0.9844
2025-05-11 22:52:12,645 - INFO - Epoch [1/50], Step [800/844], Loss: 0.1410, Acc: 0.9688
2025-05-11 22:52:20,838 - INFO - Epoch [1/50] Summary: Train Loss: 0.2843, Train Acc: 0.9143 | Val Loss: 0.1268, Val Acc: 0.9618
2025-05-11 22:52:20,842 - INFO - Best model saved to runs\fc_20250511_225203\fc_best.pth with validation accuracy: 0.9618
2025-05-11 22:52:20,843 - INFO - Epoch 1: Learning rate updated to 0.001000
2025-05-11 22:52:27,643 - INFO - Epoch [2/50], Step [100/844], Loss: 0.1062, Acc: 0.9688
2025-05-11 22:52:28,164 - INFO - Epoch [2/50], Step [200/844], Loss: 0.0967, Acc: 0.9688
2025-05-11 22:52:28,557 - INFO - Epoch [2/50], Step [300/844], Loss: 0.3181, Acc: 0.9375
2025-05-11 22:52:28,870 - INFO - Epoch [2/50], Step [400/844], Loss: 0.1481, Acc: 0.9688
2025-05-11 22:52:29,198 - INFO - Epoch [2/50], Step [500/844], Loss: 0.2244, Acc: 0.9219
2025-05-11 22:52:29,593 - INFO - Epoch [2/50], Step [600/844], Loss: 0.0653, Acc: 0.9844
2025-05-11 22:52:30,055 - INFO - Epoch [2/50], Step [700/844], Loss: 0.2014, Acc: 0.9375
2025-05-11 22:52:30,429 - INFO - Epoch [2/50], Step [800/844], Loss: 0.0381, Acc: 0.9844
2025-05-11 22:52:38,188 - INFO - Epoch [2/50] Summary: Train Loss: 0.1356, Train Acc: 0.9606 | Val Loss: 0.0986, Val Acc: 0.9702
2025-05-11 22:52:38,192 - INFO - Best model saved to runs\fc_20250511_225203\fc_best.pth with validation accuracy: 0.9702
2025-05-11 22:52:38,192 - INFO - Epoch 2: Learning rate updated to 0.001000
2025-05-11 22:52:45,007 - INFO - Epoch [3/50], Step [100/844], Loss: 0.0656, Acc: 0.9844
2025-05-11 22:52:45,537 - INFO - Epoch [3/50], Step [200/844], Loss: 0.1504, Acc: 0.9375
2025-05-11 22:52:46,014 - INFO - Epoch [3/50], Step [300/844], Loss: 0.1253, Acc: 0.9531
2025-05-11 22:52:46,347 - INFO - Epoch [3/50], Step [400/844], Loss: 0.0700, Acc: 0.9844
2025-05-11 22:52:46,659 - INFO - Epoch [3/50], Step [500/844], Loss: 0.0859, Acc: 0.9688
2025-05-11 22:52:47,079 - INFO - Epoch [3/50], Step [600/844], Loss: 0.0186, Acc: 1.0000
2025-05-11 22:52:47,492 - INFO - Epoch [3/50], Step [700/844], Loss: 0.1137, Acc: 0.9531
2025-05-11 22:52:47,795 - INFO - Epoch [3/50], Step [800/844], Loss: 0.1160, Acc: 0.9375
2025-05-11 22:52:55,369 - INFO - Epoch [3/50] Summary: Train Loss: 0.1031, Train Acc: 0.9687 | Val Loss: 0.0761, Val Acc: 0.9788
2025-05-11 22:52:55,375 - INFO - Best model saved to runs\fc_20250511_225203\fc_best.pth with validation accuracy: 0.9788
2025-05-11 22:52:55,375 - INFO - Epoch 3: Learning rate updated to 0.001000
2025-05-11 22:53:01,823 - INFO - Epoch [4/50], Step [100/844], Loss: 0.0939, Acc: 0.9688
2025-05-11 22:53:02,152 - INFO - Epoch [4/50], Step [200/844], Loss: 0.0772, Acc: 0.9531
2025-05-11 22:53:02,614 - INFO - Epoch [4/50], Step [300/844], Loss: 0.1402, Acc: 0.9531
2025-05-11 22:53:03,075 - INFO - Epoch [4/50], Step [400/844], Loss: 0.0231, Acc: 1.0000
2025-05-11 22:53:03,351 - INFO - Epoch [4/50], Step [500/844], Loss: 0.0552, Acc: 0.9844
2025-05-11 22:53:03,614 - INFO - Epoch [4/50], Step [600/844], Loss: 0.0903, Acc: 0.9375
2025-05-11 22:53:03,887 - INFO - Epoch [4/50], Step [700/844], Loss: 0.0484, Acc: 0.9844
2025-05-11 22:53:04,251 - INFO - Epoch [4/50], Step [800/844], Loss: 0.1653, Acc: 0.9531
2025-05-11 22:53:12,043 - INFO - Epoch [4/50] Summary: Train Loss: 0.0873, Train Acc: 0.9737 | Val Loss: 0.0714, Val Acc: 0.9805
2025-05-11 22:53:12,047 - INFO - Best model saved to runs\fc_20250511_225203\fc_best.pth with validation accuracy: 0.9805
2025-05-11 22:53:12,047 - INFO - Epoch 4: Learning rate updated to 0.001000
2025-05-11 22:53:18,844 - INFO - Epoch [5/50], Step [100/844], Loss: 0.0130, Acc: 1.0000
2025-05-11 22:53:19,280 - INFO - Epoch [5/50], Step [200/844], Loss: 0.1798, Acc: 0.9688
2025-05-11 22:53:19,626 - INFO - Epoch [5/50], Step [300/844], Loss: 0.0643, Acc: 0.9688
2025-05-11 22:53:19,920 - INFO - Epoch [5/50], Step [400/844], Loss: 0.0210, Acc: 1.0000
2025-05-11 22:53:20,234 - INFO - Epoch [5/50], Step [500/844], Loss: 0.0339, Acc: 0.9844
2025-05-11 22:53:20,523 - INFO - Epoch [5/50], Step [600/844], Loss: 0.0773, Acc: 0.9688
2025-05-11 22:53:20,827 - INFO - Epoch [5/50], Step [700/844], Loss: 0.0955, Acc: 0.9531
2025-05-11 22:53:21,099 - INFO - Epoch [5/50], Step [800/844], Loss: 0.0277, Acc: 0.9844
2025-05-11 22:53:29,662 - INFO - Epoch [5/50] Summary: Train Loss: 0.0746, Train Acc: 0.9778 | Val Loss: 0.0735, Val Acc: 0.9775
2025-05-11 22:53:29,663 - INFO - Epoch 5: Learning rate updated to 0.000600
2025-05-11 22:53:36,947 - INFO - Epoch [6/50], Step [100/844], Loss: 0.0476, Acc: 0.9844
2025-05-11 22:53:37,408 - INFO - Epoch [6/50], Step [200/844], Loss: 0.0037, Acc: 1.0000
2025-05-11 22:53:37,983 - INFO - Epoch [6/50], Step [300/844], Loss: 0.0494, Acc: 0.9688
2025-05-11 22:53:38,452 - INFO - Epoch [6/50], Step [400/844], Loss: 0.0123, Acc: 1.0000
2025-05-11 22:53:38,886 - INFO - Epoch [6/50], Step [500/844], Loss: 0.1081, Acc: 0.9688
2025-05-11 22:53:39,315 - INFO - Epoch [6/50], Step [600/844], Loss: 0.0135, Acc: 1.0000
2025-05-11 22:53:39,736 - INFO - Epoch [6/50], Step [700/844], Loss: 0.1283, Acc: 0.9531
2025-05-11 22:53:40,160 - INFO - Epoch [6/50], Step [800/844], Loss: 0.0228, Acc: 1.0000
2025-05-11 22:53:49,319 - INFO - Epoch [6/50] Summary: Train Loss: 0.0471, Train Acc: 0.9852 | Val Loss: 0.0713, Val Acc: 0.9818
2025-05-11 22:53:49,323 - INFO - Best model saved to runs\fc_20250511_225203\fc_best.pth with validation accuracy: 0.9818
2025-05-11 22:53:49,323 - INFO - Epoch 6: Learning rate updated to 0.000600
2025-05-11 22:53:56,704 - INFO - Epoch [7/50], Step [100/844], Loss: 0.0171, Acc: 1.0000
2025-05-11 22:53:57,164 - INFO - Epoch [7/50], Step [200/844], Loss: 0.0170, Acc: 1.0000
2025-05-11 22:53:57,594 - INFO - Epoch [7/50], Step [300/844], Loss: 0.1177, Acc: 0.9688
2025-05-11 22:53:58,003 - INFO - Epoch [7/50], Step [400/844], Loss: 0.0356, Acc: 0.9844
2025-05-11 22:53:58,403 - INFO - Epoch [7/50], Step [500/844], Loss: 0.0021, Acc: 1.0000
2025-05-11 22:53:58,803 - INFO - Epoch [7/50], Step [600/844], Loss: 0.0840, Acc: 0.9531
2025-05-11 22:53:59,213 - INFO - Epoch [7/50], Step [700/844], Loss: 0.0681, Acc: 0.9844
2025-05-11 22:53:59,628 - INFO - Epoch [7/50], Step [800/844], Loss: 0.0162, Acc: 1.0000
2025-05-11 22:54:08,505 - INFO - Epoch [7/50] Summary: Train Loss: 0.0401, Train Acc: 0.9874 | Val Loss: 0.0672, Val Acc: 0.9813
2025-05-11 22:54:08,505 - INFO - Epoch 7: Learning rate updated to 0.000600
2025-05-11 22:54:15,703 - INFO - Epoch [8/50], Step [100/844], Loss: 0.1650, Acc: 0.9531
2025-05-11 22:54:16,168 - INFO - Epoch [8/50], Step [200/844], Loss: 0.0108, Acc: 1.0000
2025-05-11 22:54:16,565 - INFO - Epoch [8/50], Step [300/844], Loss: 0.0022, Acc: 1.0000
2025-05-11 22:54:16,971 - INFO - Epoch [8/50], Step [400/844], Loss: 0.0279, Acc: 0.9844
2025-05-11 22:54:17,363 - INFO - Epoch [8/50], Step [500/844], Loss: 0.0525, Acc: 0.9844
2025-05-11 22:54:17,757 - INFO - Epoch [8/50], Step [600/844], Loss: 0.0401, Acc: 0.9844
2025-05-11 22:54:18,145 - INFO - Epoch [8/50], Step [700/844], Loss: 0.0197, Acc: 1.0000
2025-05-11 22:54:18,546 - INFO - Epoch [8/50], Step [800/844], Loss: 0.0117, Acc: 1.0000
2025-05-11 22:54:27,319 - INFO - Epoch [8/50] Summary: Train Loss: 0.0364, Train Acc: 0.9882 | Val Loss: 0.0725, Val Acc: 0.9810
2025-05-11 22:54:27,320 - INFO - Epoch 8: Learning rate updated to 0.000600
2025-05-11 22:54:34,775 - INFO - Epoch [9/50], Step [100/844], Loss: 0.0166, Acc: 1.0000
2025-05-11 22:54:35,285 - INFO - Epoch [9/50], Step [200/844], Loss: 0.0388, Acc: 0.9844
2025-05-11 22:54:35,733 - INFO - Epoch [9/50], Step [300/844], Loss: 0.0143, Acc: 1.0000
2025-05-11 22:54:36,130 - INFO - Epoch [9/50], Step [400/844], Loss: 0.0043, Acc: 1.0000
2025-05-11 22:54:36,533 - INFO - Epoch [9/50], Step [500/844], Loss: 0.0037, Acc: 1.0000
2025-05-11 22:54:36,936 - INFO - Epoch [9/50], Step [600/844], Loss: 0.0037, Acc: 1.0000
2025-05-11 22:54:37,342 - INFO - Epoch [9/50], Step [700/844], Loss: 0.0383, Acc: 0.9688
2025-05-11 22:54:37,791 - INFO - Epoch [9/50], Step [800/844], Loss: 0.0099, Acc: 1.0000
2025-05-11 22:54:47,206 - INFO - Epoch [9/50] Summary: Train Loss: 0.0346, Train Acc: 0.9888 | Val Loss: 0.0633, Val Acc: 0.9840
2025-05-11 22:54:47,210 - INFO - Best model saved to runs\fc_20250511_225203\fc_best.pth with validation accuracy: 0.9840
2025-05-11 22:54:47,210 - INFO - Epoch 9: Learning rate updated to 0.000600
2025-05-11 22:54:54,329 - INFO - Epoch [10/50], Step [100/844], Loss: 0.0133, Acc: 1.0000
2025-05-11 22:54:54,783 - INFO - Epoch [10/50], Step [200/844], Loss: 0.0198, Acc: 1.0000
2025-05-11 22:54:55,195 - INFO - Epoch [10/50], Step [300/844], Loss: 0.0062, Acc: 1.0000
2025-05-11 22:54:55,701 - INFO - Epoch [10/50], Step [400/844], Loss: 0.0071, Acc: 1.0000
2025-05-11 22:54:56,150 - INFO - Epoch [10/50], Step [500/844], Loss: 0.0282, Acc: 0.9844
2025-05-11 22:54:56,586 - INFO - Epoch [10/50], Step [600/844], Loss: 0.1194, Acc: 0.9688
2025-05-11 22:54:57,018 - INFO - Epoch [10/50], Step [700/844], Loss: 0.0068, Acc: 1.0000
2025-05-11 22:54:57,462 - INFO - Epoch [10/50], Step [800/844], Loss: 0.0012, Acc: 1.0000
2025-05-11 22:55:07,449 - INFO - Epoch [10/50] Summary: Train Loss: 0.0305, Train Acc: 0.9907 | Val Loss: 0.0732, Val Acc: 0.9833
2025-05-11 22:55:07,450 - INFO - Epoch 10: Learning rate updated to 0.000360
2025-05-11 22:55:15,408 - INFO - Epoch [11/50], Step [100/844], Loss: 0.0416, Acc: 0.9844
2025-05-11 22:55:16,624 - INFO - Epoch [11/50], Step [200/844], Loss: 0.0116, Acc: 1.0000
2025-05-11 22:55:17,728 - INFO - Epoch [11/50], Step [300/844], Loss: 0.0075, Acc: 1.0000
2025-05-11 22:55:18,828 - INFO - Epoch [11/50], Step [400/844], Loss: 0.0584, Acc: 0.9844
2025-05-11 22:55:19,913 - INFO - Epoch [11/50], Step [500/844], Loss: 0.0071, Acc: 1.0000
2025-05-11 22:55:20,901 - INFO - Epoch [11/50], Step [600/844], Loss: 0.1467, Acc: 0.9844
2025-05-11 22:55:21,965 - INFO - Epoch [11/50], Step [700/844], Loss: 0.0115, Acc: 1.0000
2025-05-11 22:55:23,104 - INFO - Epoch [11/50], Step [800/844], Loss: 0.0183, Acc: 0.9844
2025-05-11 22:55:32,410 - INFO - Epoch [11/50] Summary: Train Loss: 0.0184, Train Acc: 0.9941 | Val Loss: 0.0688, Val Acc: 0.9853
2025-05-11 22:55:32,414 - INFO - Best model saved to runs\fc_20250511_225203\fc_best.pth with validation accuracy: 0.9853
2025-05-11 22:55:32,414 - INFO - Epoch 11: Learning rate updated to 0.000360
2025-05-11 22:55:40,394 - INFO - Epoch [12/50], Step [100/844], Loss: 0.0049, Acc: 1.0000
2025-05-11 22:55:40,837 - INFO - Epoch [12/50], Step [200/844], Loss: 0.0005, Acc: 1.0000
2025-05-11 22:55:41,275 - INFO - Epoch [12/50], Step [300/844], Loss: 0.1841, Acc: 0.9688
2025-05-11 22:55:41,745 - INFO - Epoch [12/50], Step [400/844], Loss: 0.0014, Acc: 1.0000
2025-05-11 22:55:42,224 - INFO - Epoch [12/50], Step [500/844], Loss: 0.0034, Acc: 1.0000
2025-05-11 22:55:42,822 - INFO - Epoch [12/50], Step [600/844], Loss: 0.0023, Acc: 1.0000
2025-05-11 22:55:43,320 - INFO - Epoch [12/50], Step [700/844], Loss: 0.0610, Acc: 0.9844
2025-05-11 22:55:43,829 - INFO - Epoch [12/50], Step [800/844], Loss: 0.0618, Acc: 0.9844
2025-05-11 22:55:54,684 - INFO - Epoch [12/50] Summary: Train Loss: 0.0174, Train Acc: 0.9943 | Val Loss: 0.0725, Val Acc: 0.9853
2025-05-11 22:55:54,684 - INFO - Epoch 12: Learning rate updated to 0.000360
2025-05-11 22:56:02,196 - INFO - Epoch [13/50], Step [100/844], Loss: 0.0105, Acc: 1.0000
2025-05-11 22:56:02,623 - INFO - Epoch [13/50], Step [200/844], Loss: 0.0052, Acc: 1.0000
2025-05-11 22:56:03,051 - INFO - Epoch [13/50], Step [300/844], Loss: 0.0168, Acc: 1.0000
2025-05-11 22:56:03,461 - INFO - Epoch [13/50], Step [400/844], Loss: 0.0025, Acc: 1.0000
2025-05-11 22:56:03,825 - INFO - Epoch [13/50], Step [500/844], Loss: 0.1092, Acc: 0.9844
2025-05-11 22:56:04,210 - INFO - Epoch [13/50], Step [600/844], Loss: 0.0077, Acc: 1.0000
2025-05-11 22:56:04,553 - INFO - Epoch [13/50], Step [700/844], Loss: 0.0037, Acc: 1.0000
2025-05-11 22:56:04,921 - INFO - Epoch [13/50], Step [800/844], Loss: 0.0004, Acc: 1.0000
2025-05-11 22:56:15,182 - INFO - Epoch [13/50] Summary: Train Loss: 0.0172, Train Acc: 0.9946 | Val Loss: 0.0789, Val Acc: 0.9853
2025-05-11 22:56:15,182 - INFO - Epoch 13: Learning rate updated to 0.000360
2025-05-11 22:56:23,131 - INFO - Epoch [14/50], Step [100/844], Loss: 0.0226, Acc: 0.9844
2025-05-11 22:56:23,721 - INFO - Epoch [14/50], Step [200/844], Loss: 0.0027, Acc: 1.0000
2025-05-11 22:56:24,235 - INFO - Epoch [14/50], Step [300/844], Loss: 0.0002, Acc: 1.0000
2025-05-11 22:56:24,672 - INFO - Epoch [14/50], Step [400/844], Loss: 0.0010, Acc: 1.0000
2025-05-11 22:56:25,006 - INFO - Epoch [14/50], Step [500/844], Loss: 0.0013, Acc: 1.0000
2025-05-11 22:56:25,428 - INFO - Epoch [14/50], Step [600/844], Loss: 0.0093, Acc: 1.0000
2025-05-11 22:56:25,844 - INFO - Epoch [14/50], Step [700/844], Loss: 0.0003, Acc: 1.0000
2025-05-11 22:56:26,252 - INFO - Epoch [14/50], Step [800/844], Loss: 0.0114, Acc: 1.0000
2025-05-11 22:56:36,227 - INFO - Epoch [14/50] Summary: Train Loss: 0.0159, Train Acc: 0.9946 | Val Loss: 0.0761, Val Acc: 0.9850
2025-05-11 22:56:36,227 - INFO - Epoch 14: Learning rate updated to 0.000360
2025-05-11 22:56:44,343 - INFO - Epoch [15/50], Step [100/844], Loss: 0.0111, Acc: 1.0000
2025-05-11 22:56:44,710 - INFO - Epoch [15/50], Step [200/844], Loss: 0.0166, Acc: 1.0000
2025-05-11 22:56:45,091 - INFO - Epoch [15/50], Step [300/844], Loss: 0.0002, Acc: 1.0000
2025-05-11 22:56:45,465 - INFO - Epoch [15/50], Step [400/844], Loss: 0.0016, Acc: 1.0000
2025-05-11 22:56:45,845 - INFO - Epoch [15/50], Step [500/844], Loss: 0.0048, Acc: 1.0000
2025-05-11 22:56:46,242 - INFO - Epoch [15/50], Step [600/844], Loss: 0.0169, Acc: 0.9844
2025-05-11 22:56:46,702 - INFO - Epoch [15/50], Step [700/844], Loss: 0.0809, Acc: 0.9844
2025-05-11 22:56:47,188 - INFO - Epoch [15/50], Step [800/844], Loss: 0.0146, Acc: 0.9844
2025-05-11 22:56:57,014 - INFO - Epoch [15/50] Summary: Train Loss: 0.0157, Train Acc: 0.9948 | Val Loss: 0.0694, Val Acc: 0.9855
2025-05-11 22:56:57,018 - INFO - Best model saved to runs\fc_20250511_225203\fc_best.pth with validation accuracy: 0.9855
2025-05-11 22:56:57,018 - INFO - Epoch 15: Learning rate updated to 0.000216
2025-05-11 22:57:05,356 - INFO - Epoch [16/50], Step [100/844], Loss: 0.0007, Acc: 1.0000
2025-05-11 22:57:05,753 - INFO - Epoch [16/50], Step [200/844], Loss: 0.0010, Acc: 1.0000
2025-05-11 22:57:06,130 - INFO - Epoch [16/50], Step [300/844], Loss: 0.0001, Acc: 1.0000
2025-05-11 22:57:06,532 - INFO - Epoch [16/50], Step [400/844], Loss: 0.0004, Acc: 1.0000
2025-05-11 22:57:06,906 - INFO - Epoch [16/50], Step [500/844], Loss: 0.0011, Acc: 1.0000
2025-05-11 22:57:07,273 - INFO - Epoch [16/50], Step [600/844], Loss: 0.0008, Acc: 1.0000
2025-05-11 22:57:07,666 - INFO - Epoch [16/50], Step [700/844], Loss: 0.0004, Acc: 1.0000
2025-05-11 22:57:08,062 - INFO - Epoch [16/50], Step [800/844], Loss: 0.0716, Acc: 0.9844
2025-05-11 22:57:17,654 - INFO - Epoch [16/50] Summary: Train Loss: 0.0092, Train Acc: 0.9973 | Val Loss: 0.0737, Val Acc: 0.9870
2025-05-11 22:57:17,658 - INFO - Best model saved to runs\fc_20250511_225203\fc_best.pth with validation accuracy: 0.9870
2025-05-11 22:57:17,659 - INFO - Epoch 16: Learning rate updated to 0.000216
2025-05-11 22:57:26,305 - INFO - Epoch [17/50], Step [100/844], Loss: 0.0033, Acc: 1.0000
2025-05-11 22:57:26,677 - INFO - Epoch [17/50], Step [200/844], Loss: 0.0014, Acc: 1.0000
2025-05-11 22:57:27,059 - INFO - Epoch [17/50], Step [300/844], Loss: 0.0001, Acc: 1.0000
2025-05-11 22:57:27,421 - INFO - Epoch [17/50], Step [400/844], Loss: 0.0001, Acc: 1.0000
2025-05-11 22:57:27,789 - INFO - Epoch [17/50], Step [500/844], Loss: 0.0001, Acc: 1.0000
2025-05-11 22:57:28,170 - INFO - Epoch [17/50], Step [600/844], Loss: 0.0000, Acc: 1.0000
2025-05-11 22:57:28,542 - INFO - Epoch [17/50], Step [700/844], Loss: 0.0051, Acc: 1.0000
2025-05-11 22:57:28,935 - INFO - Epoch [17/50], Step [800/844], Loss: 0.0039, Acc: 1.0000
2025-05-11 22:57:38,686 - INFO - Epoch [17/50] Summary: Train Loss: 0.0095, Train Acc: 0.9968 | Val Loss: 0.0764, Val Acc: 0.9855
2025-05-11 22:57:38,686 - INFO - Epoch 17: Learning rate updated to 0.000216
2025-05-11 22:57:47,256 - INFO - Epoch [18/50], Step [100/844], Loss: 0.0040, Acc: 1.0000
2025-05-11 22:57:47,736 - INFO - Epoch [18/50], Step [200/844], Loss: 0.0457, Acc: 0.9844
2025-05-11 22:57:48,220 - INFO - Epoch [18/50], Step [300/844], Loss: 0.0007, Acc: 1.0000
2025-05-11 22:57:48,749 - INFO - Epoch [18/50], Step [400/844], Loss: 0.0013, Acc: 1.0000
2025-05-11 22:57:49,121 - INFO - Epoch [18/50], Step [500/844], Loss: 0.0011, Acc: 1.0000
2025-05-11 22:57:49,508 - INFO - Epoch [18/50], Step [600/844], Loss: 0.0005, Acc: 1.0000
2025-05-11 22:57:49,881 - INFO - Epoch [18/50], Step [700/844], Loss: 0.0006, Acc: 1.0000
2025-05-11 22:57:50,252 - INFO - Epoch [18/50], Step [800/844], Loss: 0.0002, Acc: 1.0000
2025-05-11 22:58:00,000 - INFO - Epoch [18/50] Summary: Train Loss: 0.0072, Train Acc: 0.9976 | Val Loss: 0.0860, Val Acc: 0.9845
2025-05-11 22:58:00,000 - INFO - Epoch 18: Learning rate updated to 0.000216
2025-05-11 22:58:08,553 - INFO - Epoch [19/50], Step [100/844], Loss: 0.0011, Acc: 1.0000
2025-05-11 22:58:09,151 - INFO - Epoch [19/50], Step [200/844], Loss: 0.0003, Acc: 1.0000
2025-05-11 22:58:09,798 - INFO - Epoch [19/50], Step [300/844], Loss: 0.0048, Acc: 1.0000
2025-05-11 22:58:10,279 - INFO - Epoch [19/50], Step [400/844], Loss: 0.0005, Acc: 1.0000
2025-05-11 22:58:10,781 - INFO - Epoch [19/50], Step [500/844], Loss: 0.0002, Acc: 1.0000
2025-05-11 22:58:11,279 - INFO - Epoch [19/50], Step [600/844], Loss: 0.0049, Acc: 1.0000
2025-05-11 22:58:11,775 - INFO - Epoch [19/50], Step [700/844], Loss: 0.0131, Acc: 1.0000
2025-05-11 22:58:12,131 - INFO - Epoch [19/50], Step [800/844], Loss: 0.0005, Acc: 1.0000
2025-05-11 22:58:21,661 - INFO - Epoch [19/50] Summary: Train Loss: 0.0066, Train Acc: 0.9978 | Val Loss: 0.0901, Val Acc: 0.9852
2025-05-11 22:58:21,661 - INFO - Epoch 19: Learning rate updated to 0.000216
2025-05-11 22:58:29,688 - INFO - Epoch [20/50], Step [100/844], Loss: 0.0001, Acc: 1.0000
2025-05-11 22:58:30,258 - INFO - Epoch [20/50], Step [200/844], Loss: 0.0002, Acc: 1.0000
2025-05-11 22:58:30,936 - INFO - Epoch [20/50], Step [300/844], Loss: 0.0030, Acc: 1.0000
2025-05-11 22:58:31,539 - INFO - Epoch [20/50], Step [400/844], Loss: 0.0033, Acc: 1.0000
2025-05-11 22:58:32,120 - INFO - Epoch [20/50], Step [500/844], Loss: 0.0000, Acc: 1.0000
2025-05-11 22:58:32,734 - INFO - Epoch [20/50], Step [600/844], Loss: 0.0068, Acc: 1.0000
2025-05-11 22:58:33,186 - INFO - Epoch [20/50], Step [700/844], Loss: 0.0000, Acc: 1.0000
2025-05-11 22:58:33,671 - INFO - Epoch [20/50], Step [800/844], Loss: 0.0063, Acc: 1.0000
2025-05-11 22:58:43,039 - INFO - Epoch [20/50] Summary: Train Loss: 0.0076, Train Acc: 0.9974 | Val Loss: 0.0930, Val Acc: 0.9848
2025-05-11 22:58:43,040 - INFO - Epoch 20: Learning rate updated to 0.000130
2025-05-11 22:58:50,740 - INFO - Epoch [21/50], Step [100/844], Loss: 0.0600, Acc: 0.9844
2025-05-11 22:58:51,295 - INFO - Epoch [21/50], Step [200/844], Loss: 0.0014, Acc: 1.0000
2025-05-11 22:58:51,884 - INFO - Epoch [21/50], Step [300/844], Loss: 0.0027, Acc: 1.0000
2025-05-11 22:58:52,519 - INFO - Epoch [21/50], Step [400/844], Loss: 0.0019, Acc: 1.0000
2025-05-11 22:58:53,181 - INFO - Epoch [21/50], Step [500/844], Loss: 0.0000, Acc: 1.0000
2025-05-11 22:58:53,800 - INFO - Epoch [21/50], Step [600/844], Loss: 0.0120, Acc: 1.0000
2025-05-11 22:58:54,362 - INFO - Epoch [21/50], Step [700/844], Loss: 0.0039, Acc: 1.0000
2025-05-11 22:58:54,969 - INFO - Epoch [21/50], Step [800/844], Loss: 0.0073, Acc: 1.0000
2025-05-11 22:59:04,764 - INFO - Epoch [21/50] Summary: Train Loss: 0.0056, Train Acc: 0.9984 | Val Loss: 0.0850, Val Acc: 0.9865
2025-05-11 22:59:04,765 - INFO - Epoch 21: Learning rate updated to 0.000130
2025-05-11 22:59:13,329 - INFO - Epoch [22/50], Step [100/844], Loss: 0.0005, Acc: 1.0000
2025-05-11 22:59:13,863 - INFO - Epoch [22/50], Step [200/844], Loss: 0.0005, Acc: 1.0000
2025-05-11 22:59:14,399 - INFO - Epoch [22/50], Step [300/844], Loss: 0.0013, Acc: 1.0000
2025-05-11 22:59:15,038 - INFO - Epoch [22/50], Step [400/844], Loss: 0.0000, Acc: 1.0000
2025-05-11 22:59:15,708 - INFO - Epoch [22/50], Step [500/844], Loss: 0.0082, Acc: 1.0000
2025-05-11 22:59:16,359 - INFO - Epoch [22/50], Step [600/844], Loss: 0.0003, Acc: 1.0000
2025-05-11 22:59:16,994 - INFO - Epoch [22/50], Step [700/844], Loss: 0.0031, Acc: 1.0000
2025-05-11 22:59:17,636 - INFO - Epoch [22/50], Step [800/844], Loss: 0.0002, Acc: 1.0000
2025-05-11 22:59:28,337 - INFO - Epoch [22/50] Summary: Train Loss: 0.0038, Train Acc: 0.9986 | Val Loss: 0.0865, Val Acc: 0.9873
2025-05-11 22:59:28,342 - INFO - Best model saved to runs\fc_20250511_225203\fc_best.pth with validation accuracy: 0.9873
2025-05-11 22:59:28,342 - INFO - Epoch 22: Learning rate updated to 0.000130
2025-05-11 22:59:36,870 - INFO - Epoch [23/50], Step [100/844], Loss: 0.0004, Acc: 1.0000
2025-05-11 22:59:37,395 - INFO - Epoch [23/50], Step [200/844], Loss: 0.0013, Acc: 1.0000
2025-05-11 22:59:38,007 - INFO - Epoch [23/50], Step [300/844], Loss: 0.0030, Acc: 1.0000
2025-05-11 22:59:38,550 - INFO - Epoch [23/50], Step [400/844], Loss: 0.0003, Acc: 1.0000
2025-05-11 22:59:39,232 - INFO - Epoch [23/50], Step [500/844], Loss: 0.0007, Acc: 1.0000
2025-05-11 22:59:39,852 - INFO - Epoch [23/50], Step [600/844], Loss: 0.0002, Acc: 1.0000
2025-05-11 22:59:40,439 - INFO - Epoch [23/50], Step [700/844], Loss: 0.0001, Acc: 1.0000
2025-05-11 22:59:41,003 - INFO - Epoch [23/50], Step [800/844], Loss: 0.0001, Acc: 1.0000
2025-05-11 22:59:50,963 - INFO - Epoch [23/50] Summary: Train Loss: 0.0041, Train Acc: 0.9987 | Val Loss: 0.0915, Val Acc: 0.9867
2025-05-11 22:59:50,963 - INFO - Epoch 23: Learning rate updated to 0.000130
2025-05-11 22:59:58,802 - INFO - Epoch [24/50], Step [100/844], Loss: 0.0004, Acc: 1.0000
2025-05-11 22:59:59,287 - INFO - Epoch [24/50], Step [200/844], Loss: 0.0003, Acc: 1.0000
2025-05-11 22:59:59,713 - INFO - Epoch [24/50], Step [300/844], Loss: 0.0012, Acc: 1.0000
2025-05-11 23:00:00,089 - INFO - Epoch [24/50], Step [400/844], Loss: 0.0010, Acc: 1.0000
2025-05-11 23:00:00,515 - INFO - Epoch [24/50], Step [500/844], Loss: 0.0000, Acc: 1.0000
2025-05-11 23:00:00,978 - INFO - Epoch [24/50], Step [600/844], Loss: 0.0020, Acc: 1.0000
2025-05-11 23:00:01,518 - INFO - Epoch [24/50], Step [700/844], Loss: 0.0311, Acc: 0.9844
2025-05-11 23:00:02,020 - INFO - Epoch [24/50], Step [800/844], Loss: 0.0191, Acc: 0.9844
2025-05-11 23:00:12,330 - INFO - Epoch [24/50] Summary: Train Loss: 0.0041, Train Acc: 0.9988 | Val Loss: 0.0902, Val Acc: 0.9862
2025-05-11 23:00:12,330 - INFO - Epoch 24: Learning rate updated to 0.000130
2025-05-11 23:00:20,226 - INFO - Epoch [25/50], Step [100/844], Loss: 0.0008, Acc: 1.0000
2025-05-11 23:00:20,694 - INFO - Epoch [25/50], Step [200/844], Loss: 0.0237, Acc: 0.9844
2025-05-11 23:00:21,118 - INFO - Epoch [25/50], Step [300/844], Loss: 0.0012, Acc: 1.0000
2025-05-11 23:00:21,504 - INFO - Epoch [25/50], Step [400/844], Loss: 0.0001, Acc: 1.0000
2025-05-11 23:00:21,894 - INFO - Epoch [25/50], Step [500/844], Loss: 0.0088, Acc: 1.0000
2025-05-11 23:00:22,300 - INFO - Epoch [25/50], Step [600/844], Loss: 0.0011, Acc: 1.0000
2025-05-11 23:00:22,746 - INFO - Epoch [25/50], Step [700/844], Loss: 0.0002, Acc: 1.0000
2025-05-11 23:00:23,127 - INFO - Epoch [25/50], Step [800/844], Loss: 0.0001, Acc: 1.0000
2025-05-11 23:00:33,381 - INFO - Epoch [25/50] Summary: Train Loss: 0.0043, Train Acc: 0.9985 | Val Loss: 0.0881, Val Acc: 0.9867
2025-05-11 23:00:33,381 - INFO - Epoch 25: Learning rate updated to 0.000078
2025-05-11 23:00:42,486 - INFO - Epoch [26/50], Step [100/844], Loss: 0.0011, Acc: 1.0000
2025-05-11 23:00:42,973 - INFO - Epoch [26/50], Step [200/844], Loss: 0.0001, Acc: 1.0000
2025-05-11 23:00:43,434 - INFO - Epoch [26/50], Step [300/844], Loss: 0.0000, Acc: 1.0000
2025-05-11 23:00:43,891 - INFO - Epoch [26/50], Step [400/844], Loss: 0.0000, Acc: 1.0000
2025-05-11 23:00:44,351 - INFO - Epoch [26/50], Step [500/844], Loss: 0.0000, Acc: 1.0000
2025-05-11 23:00:44,831 - INFO - Epoch [26/50], Step [600/844], Loss: 0.0008, Acc: 1.0000
2025-05-11 23:00:45,290 - INFO - Epoch [26/50], Step [700/844], Loss: 0.0003, Acc: 1.0000
2025-05-11 23:00:45,832 - INFO - Epoch [26/50], Step [800/844], Loss: 0.0000, Acc: 1.0000
2025-05-11 23:00:57,089 - INFO - Epoch [26/50] Summary: Train Loss: 0.0036, Train Acc: 0.9989 | Val Loss: 0.0919, Val Acc: 0.9863
2025-05-11 23:00:57,089 - INFO - Epoch 26: Learning rate updated to 0.000078
2025-05-11 23:01:05,110 - INFO - Epoch [27/50], Step [100/844], Loss: 0.0003, Acc: 1.0000
2025-05-11 23:01:05,592 - INFO - Epoch [27/50], Step [200/844], Loss: 0.0000, Acc: 1.0000
2025-05-11 23:01:05,984 - INFO - Epoch [27/50], Step [300/844], Loss: 0.0030, Acc: 1.0000
2025-05-11 23:01:06,347 - INFO - Epoch [27/50], Step [400/844], Loss: 0.0003, Acc: 1.0000
2025-05-11 23:01:06,711 - INFO - Epoch [27/50], Step [500/844], Loss: 0.0343, Acc: 0.9844
2025-05-11 23:01:07,081 - INFO - Epoch [27/50], Step [600/844], Loss: 0.0025, Acc: 1.0000
2025-05-11 23:01:07,432 - INFO - Epoch [27/50], Step [700/844], Loss: 0.0070, Acc: 1.0000
2025-05-11 23:01:07,807 - INFO - Epoch [27/50], Step [800/844], Loss: 0.0001, Acc: 1.0000
2025-05-11 23:01:18,345 - INFO - Epoch [27/50] Summary: Train Loss: 0.0031, Train Acc: 0.9992 | Val Loss: 0.0862, Val Acc: 0.9865
2025-05-11 23:01:18,345 - INFO - Epoch 27: Learning rate updated to 0.000078
2025-05-11 23:01:26,704 - INFO - Epoch [28/50], Step [100/844], Loss: 0.0103, Acc: 1.0000
2025-05-11 23:01:27,080 - INFO - Epoch [28/50], Step [200/844], Loss: 0.0010, Acc: 1.0000
2025-05-11 23:01:27,598 - INFO - Epoch [28/50], Step [300/844], Loss: 0.0159, Acc: 0.9844
2025-05-11 23:01:28,053 - INFO - Epoch [28/50], Step [400/844], Loss: 0.0002, Acc: 1.0000
2025-05-11 23:01:28,458 - INFO - Epoch [28/50], Step [500/844], Loss: 0.0005, Acc: 1.0000
2025-05-11 23:01:28,819 - INFO - Epoch [28/50], Step [600/844], Loss: 0.0000, Acc: 1.0000
2025-05-11 23:01:29,260 - INFO - Epoch [28/50], Step [700/844], Loss: 0.0004, Acc: 1.0000
2025-05-11 23:01:29,760 - INFO - Epoch [28/50], Step [800/844], Loss: 0.0000, Acc: 1.0000
2025-05-11 23:01:39,268 - INFO - Epoch [28/50] Summary: Train Loss: 0.0029, Train Acc: 0.9990 | Val Loss: 0.0904, Val Acc: 0.9868
2025-05-11 23:01:39,268 - INFO - Epoch 28: Learning rate updated to 0.000078
2025-05-11 23:01:48,186 - INFO - Epoch [29/50], Step [100/844], Loss: 0.0003, Acc: 1.0000
2025-05-11 23:01:48,590 - INFO - Epoch [29/50], Step [200/844], Loss: 0.0175, Acc: 0.9844
2025-05-11 23:01:48,977 - INFO - Epoch [29/50], Step [300/844], Loss: 0.0000, Acc: 1.0000
2025-05-11 23:01:49,399 - INFO - Epoch [29/50], Step [400/844], Loss: 0.0031, Acc: 1.0000
2025-05-11 23:01:49,839 - INFO - Epoch [29/50], Step [500/844], Loss: 0.0000, Acc: 1.0000
2025-05-11 23:01:50,266 - INFO - Epoch [29/50], Step [600/844], Loss: 0.0000, Acc: 1.0000
2025-05-11 23:01:50,648 - INFO - Epoch [29/50], Step [700/844], Loss: 0.0000, Acc: 1.0000
2025-05-11 23:01:51,061 - INFO - Epoch [29/50], Step [800/844], Loss: 0.0000, Acc: 1.0000
2025-05-11 23:02:01,006 - INFO - Epoch [29/50] Summary: Train Loss: 0.0025, Train Acc: 0.9992 | Val Loss: 0.0903, Val Acc: 0.9867
2025-05-11 23:02:01,006 - INFO - Epoch 29: Learning rate updated to 0.000078
2025-05-11 23:02:10,683 - INFO - Epoch [30/50], Step [100/844], Loss: 0.0002, Acc: 1.0000
2025-05-11 23:02:11,178 - INFO - Epoch [30/50], Step [200/844], Loss: 0.0002, Acc: 1.0000
2025-05-11 23:02:11,694 - INFO - Epoch [30/50], Step [300/844], Loss: 0.0089, Acc: 1.0000
2025-05-11 23:02:12,124 - INFO - Epoch [30/50], Step [400/844], Loss: 0.0001, Acc: 1.0000
2025-05-11 23:02:12,479 - INFO - Epoch [30/50], Step [500/844], Loss: 0.0171, Acc: 0.9844
2025-05-11 23:02:12,845 - INFO - Epoch [30/50], Step [600/844], Loss: 0.0002, Acc: 1.0000
2025-05-11 23:02:13,197 - INFO - Epoch [30/50], Step [700/844], Loss: 0.0000, Acc: 1.0000
2025-05-11 23:02:13,550 - INFO - Epoch [30/50], Step [800/844], Loss: 0.0004, Acc: 1.0000
2025-05-11 23:02:22,680 - INFO - Epoch [30/50] Summary: Train Loss: 0.0026, Train Acc: 0.9993 | Val Loss: 0.0878, Val Acc: 0.9868
2025-05-11 23:02:22,680 - INFO - Epoch 30: Learning rate updated to 0.000047
2025-05-11 23:02:31,540 - INFO - Epoch [31/50], Step [100/844], Loss: 0.0004, Acc: 1.0000
2025-05-11 23:02:32,162 - INFO - Epoch [31/50], Step [200/844], Loss: 0.0001, Acc: 1.0000
2025-05-11 23:02:32,785 - INFO - Epoch [31/50], Step [300/844], Loss: 0.0000, Acc: 1.0000
2025-05-11 23:02:33,402 - INFO - Epoch [31/50], Step [400/844], Loss: 0.0016, Acc: 1.0000
2025-05-11 23:02:33,998 - INFO - Epoch [31/50], Step [500/844], Loss: 0.0002, Acc: 1.0000
2025-05-11 23:02:34,550 - INFO - Epoch [31/50], Step [600/844], Loss: 0.0000, Acc: 1.0000
2025-05-11 23:02:35,028 - INFO - Epoch [31/50], Step [700/844], Loss: 0.0001, Acc: 1.0000
2025-05-11 23:02:35,512 - INFO - Epoch [31/50], Step [800/844], Loss: 0.0011, Acc: 1.0000
2025-05-11 23:02:45,007 - INFO - Epoch [31/50] Summary: Train Loss: 0.0019, Train Acc: 0.9994 | Val Loss: 0.0893, Val Acc: 0.9870
2025-05-11 23:02:45,008 - INFO - Epoch 31: Learning rate updated to 0.000047
2025-05-11 23:02:54,016 - INFO - Epoch [32/50], Step [100/844], Loss: 0.0000, Acc: 1.0000
2025-05-11 23:02:54,622 - INFO - Epoch [32/50], Step [200/844], Loss: 0.0022, Acc: 1.0000
2025-05-11 23:02:55,243 - INFO - Epoch [32/50], Step [300/844], Loss: 0.0000, Acc: 1.0000
2025-05-11 23:02:55,859 - INFO - Epoch [32/50], Step [400/844], Loss: 0.0000, Acc: 1.0000
2025-05-11 23:02:56,459 - INFO - Epoch [32/50], Step [500/844], Loss: 0.0001, Acc: 1.0000
2025-05-11 23:02:57,063 - INFO - Epoch [32/50], Step [600/844], Loss: 0.0001, Acc: 1.0000
2025-05-11 23:02:57,658 - INFO - Epoch [32/50], Step [700/844], Loss: 0.0002, Acc: 1.0000
2025-05-11 23:02:58,300 - INFO - Epoch [32/50], Step [800/844], Loss: 0.0015, Acc: 1.0000
2025-05-11 23:03:08,053 - INFO - Epoch [32/50] Summary: Train Loss: 0.0018, Train Acc: 0.9995 | Val Loss: 0.0892, Val Acc: 0.9873
2025-05-11 23:03:08,055 - INFO - Epoch 32: Learning rate updated to 0.000047
2025-05-11 23:03:17,044 - INFO - Epoch [33/50], Step [100/844], Loss: 0.0000, Acc: 1.0000
2025-05-11 23:03:17,622 - INFO - Epoch [33/50], Step [200/844], Loss: 0.0000, Acc: 1.0000
2025-05-11 23:03:18,217 - INFO - Epoch [33/50], Step [300/844], Loss: 0.0000, Acc: 1.0000
2025-05-11 23:03:18,883 - INFO - Epoch [33/50], Step [400/844], Loss: 0.0024, Acc: 1.0000
2025-05-11 23:03:19,510 - INFO - Epoch [33/50], Step [500/844], Loss: 0.0003, Acc: 1.0000
2025-05-11 23:03:20,111 - INFO - Epoch [33/50], Step [600/844], Loss: 0.0001, Acc: 1.0000
2025-05-11 23:03:20,718 - INFO - Epoch [33/50], Step [700/844], Loss: 0.0048, Acc: 1.0000
2025-05-11 23:03:21,304 - INFO - Epoch [33/50], Step [800/844], Loss: 0.0000, Acc: 1.0000
2025-05-11 23:03:31,245 - INFO - Epoch [33/50] Summary: Train Loss: 0.0013, Train Acc: 0.9996 | Val Loss: 0.0959, Val Acc: 0.9872
2025-05-11 23:03:31,246 - INFO - Epoch 33: Learning rate updated to 0.000047
2025-05-11 23:03:40,215 - INFO - Epoch [34/50], Step [100/844], Loss: 0.0000, Acc: 1.0000
2025-05-11 23:03:40,622 - INFO - Epoch [34/50], Step [200/844], Loss: 0.0003, Acc: 1.0000
2025-05-11 23:03:41,042 - INFO - Epoch [34/50], Step [300/844], Loss: 0.0000, Acc: 1.0000
2025-05-11 23:03:41,403 - INFO - Epoch [34/50], Step [400/844], Loss: 0.0002, Acc: 1.0000
2025-05-11 23:03:41,931 - INFO - Epoch [34/50], Step [500/844], Loss: 0.0000, Acc: 1.0000
2025-05-11 23:03:42,523 - INFO - Epoch [34/50], Step [600/844], Loss: 0.0000, Acc: 1.0000
2025-05-11 23:03:43,117 - INFO - Epoch [34/50], Step [700/844], Loss: 0.0196, Acc: 0.9844
2025-05-11 23:03:43,747 - INFO - Epoch [34/50], Step [800/844], Loss: 0.0000, Acc: 1.0000
2025-05-11 23:03:54,365 - INFO - Epoch [34/50] Summary: Train Loss: 0.0030, Train Acc: 0.9992 | Val Loss: 0.0906, Val Acc: 0.9877
2025-05-11 23:03:54,371 - INFO - Best model saved to runs\fc_20250511_225203\fc_best.pth with validation accuracy: 0.9877
2025-05-11 23:03:54,371 - INFO - Epoch 34: Learning rate updated to 0.000047
2025-05-11 23:04:03,558 - INFO - Epoch [35/50], Step [100/844], Loss: 0.0000, Acc: 1.0000
2025-05-11 23:04:03,931 - INFO - Epoch [35/50], Step [200/844], Loss: 0.0000, Acc: 1.0000
2025-05-11 23:04:04,332 - INFO - Epoch [35/50], Step [300/844], Loss: 0.0004, Acc: 1.0000
2025-05-11 23:04:04,719 - INFO - Epoch [35/50], Step [400/844], Loss: 0.0000, Acc: 1.0000
2025-05-11 23:04:05,104 - INFO - Epoch [35/50], Step [500/844], Loss: 0.0001, Acc: 1.0000
2025-05-11 23:04:05,530 - INFO - Epoch [35/50], Step [600/844], Loss: 0.0003, Acc: 1.0000
2025-05-11 23:04:05,938 - INFO - Epoch [35/50], Step [700/844], Loss: 0.0000, Acc: 1.0000
2025-05-11 23:04:06,336 - INFO - Epoch [35/50], Step [800/844], Loss: 0.0000, Acc: 1.0000
2025-05-11 23:04:17,393 - INFO - Epoch [35/50] Summary: Train Loss: 0.0017, Train Acc: 0.9995 | Val Loss: 0.0933, Val Acc: 0.9875
2025-05-11 23:04:17,394 - INFO - Epoch 35: Learning rate updated to 0.000028
2025-05-11 23:04:27,685 - INFO - Epoch [36/50], Step [100/844], Loss: 0.0002, Acc: 1.0000
2025-05-11 23:04:28,293 - INFO - Epoch [36/50], Step [200/844], Loss: 0.0015, Acc: 1.0000
2025-05-11 23:04:28,893 - INFO - Epoch [36/50], Step [300/844], Loss: 0.0002, Acc: 1.0000
2025-05-11 23:04:29,564 - INFO - Epoch [36/50], Step [400/844], Loss: 0.0005, Acc: 1.0000
2025-05-11 23:04:30,117 - INFO - Epoch [36/50], Step [500/844], Loss: 0.0005, Acc: 1.0000
2025-05-11 23:04:30,684 - INFO - Epoch [36/50], Step [600/844], Loss: 0.0004, Acc: 1.0000
2025-05-11 23:04:31,255 - INFO - Epoch [36/50], Step [700/844], Loss: 0.0000, Acc: 1.0000
2025-05-11 23:04:31,717 - INFO - Epoch [36/50], Step [800/844], Loss: 0.0001, Acc: 1.0000
2025-05-11 23:04:42,988 - INFO - Epoch [36/50] Summary: Train Loss: 0.0019, Train Acc: 0.9993 | Val Loss: 0.0917, Val Acc: 0.9872
2025-05-11 23:04:42,989 - INFO - Epoch 36: Learning rate updated to 0.000028
2025-05-11 23:04:52,061 - INFO - Epoch [37/50], Step [100/844], Loss: 0.0002, Acc: 1.0000
2025-05-11 23:04:52,695 - INFO - Epoch [37/50], Step [200/844], Loss: 0.0000, Acc: 1.0000
2025-05-11 23:04:53,240 - INFO - Epoch [37/50], Step [300/844], Loss: 0.0049, Acc: 1.0000
2025-05-11 23:04:53,848 - INFO - Epoch [37/50], Step [400/844], Loss: 0.0001, Acc: 1.0000
2025-05-11 23:04:54,420 - INFO - Epoch [37/50], Step [500/844], Loss: 0.0003, Acc: 1.0000
2025-05-11 23:04:54,991 - INFO - Epoch [37/50], Step [600/844], Loss: 0.0001, Acc: 1.0000
2025-05-11 23:04:55,413 - INFO - Epoch [37/50], Step [700/844], Loss: 0.0011, Acc: 1.0000
2025-05-11 23:04:55,832 - INFO - Epoch [37/50], Step [800/844], Loss: 0.0005, Acc: 1.0000
2025-05-11 23:05:07,052 - INFO - Epoch [37/50] Summary: Train Loss: 0.0018, Train Acc: 0.9994 | Val Loss: 0.0904, Val Acc: 0.9877
2025-05-11 23:05:07,052 - INFO - Epoch 37: Learning rate updated to 0.000028
2025-05-11 23:05:16,142 - INFO - Epoch [38/50], Step [100/844], Loss: 0.0001, Acc: 1.0000
2025-05-11 23:05:16,895 - INFO - Epoch [38/50], Step [200/844], Loss: 0.0001, Acc: 1.0000
2025-05-11 23:05:17,631 - INFO - Epoch [38/50], Step [300/844], Loss: 0.0000, Acc: 1.0000
2025-05-11 23:05:18,351 - INFO - Epoch [38/50], Step [400/844], Loss: 0.0000, Acc: 1.0000
2025-05-11 23:05:19,098 - INFO - Epoch [38/50], Step [500/844], Loss: 0.0000, Acc: 1.0000
2025-05-11 23:05:19,687 - INFO - Epoch [38/50], Step [600/844], Loss: 0.0002, Acc: 1.0000
2025-05-11 23:05:20,263 - INFO - Epoch [38/50], Step [700/844], Loss: 0.0000, Acc: 1.0000
2025-05-11 23:05:20,869 - INFO - Epoch [38/50], Step [800/844], Loss: 0.0001, Acc: 1.0000
2025-05-11 23:05:32,813 - INFO - Epoch [38/50] Summary: Train Loss: 0.0012, Train Acc: 0.9997 | Val Loss: 0.0895, Val Acc: 0.9875
2025-05-11 23:05:32,814 - INFO - Epoch 38: Learning rate updated to 0.000028
2025-05-11 23:05:41,812 - INFO - Epoch [39/50], Step [100/844], Loss: 0.0000, Acc: 1.0000
2025-05-11 23:05:42,931 - INFO - Epoch [39/50], Step [200/844], Loss: 0.0000, Acc: 1.0000
2025-05-11 23:05:44,000 - INFO - Epoch [39/50], Step [300/844], Loss: 0.0000, Acc: 1.0000
2025-05-11 23:05:45,076 - INFO - Epoch [39/50], Step [400/844], Loss: 0.0003, Acc: 1.0000
2025-05-11 23:05:46,166 - INFO - Epoch [39/50], Step [500/844], Loss: 0.0001, Acc: 1.0000
2025-05-11 23:05:47,244 - INFO - Epoch [39/50], Step [600/844], Loss: 0.0000, Acc: 1.0000
2025-05-11 23:05:48,275 - INFO - Epoch [39/50], Step [700/844], Loss: 0.0001, Acc: 1.0000
2025-05-11 23:05:49,335 - INFO - Epoch [39/50], Step [800/844], Loss: 0.0023, Acc: 1.0000
2025-05-11 23:06:01,591 - INFO - Epoch [39/50] Summary: Train Loss: 0.0014, Train Acc: 0.9996 | Val Loss: 0.0908, Val Acc: 0.9877
2025-05-11 23:06:01,592 - INFO - Epoch 39: Learning rate updated to 0.000028
2025-05-11 23:06:11,823 - INFO - Epoch [40/50], Step [100/844], Loss: 0.0016, Acc: 1.0000
2025-05-11 23:06:13,158 - INFO - Epoch [40/50], Step [200/844], Loss: 0.0000, Acc: 1.0000
2025-05-11 23:06:14,348 - INFO - Epoch [40/50], Step [300/844], Loss: 0.0000, Acc: 1.0000
2025-05-11 23:06:15,570 - INFO - Epoch [40/50], Step [400/844], Loss: 0.0002, Acc: 1.0000
2025-05-11 23:06:16,950 - INFO - Epoch [40/50], Step [500/844], Loss: 0.0000, Acc: 1.0000
2025-05-11 23:06:18,428 - INFO - Epoch [40/50], Step [600/844], Loss: 0.0001, Acc: 1.0000
2025-05-11 23:06:19,769 - INFO - Epoch [40/50], Step [700/844], Loss: 0.0000, Acc: 1.0000
2025-05-11 23:06:21,646 - INFO - Epoch [40/50], Step [800/844], Loss: 0.0028, Acc: 1.0000
2025-05-11 23:06:33,506 - INFO - Epoch [40/50] Summary: Train Loss: 0.0012, Train Acc: 0.9996 | Val Loss: 0.0949, Val Acc: 0.9870
2025-05-11 23:06:33,507 - INFO - Epoch 40: Learning rate updated to 0.000017
2025-05-11 23:06:45,186 - INFO - Epoch [41/50], Step [100/844], Loss: 0.0002, Acc: 1.0000
2025-05-11 23:06:47,079 - INFO - Epoch [41/50], Step [200/844], Loss: 0.0000, Acc: 1.0000
2025-05-11 23:06:49,057 - INFO - Epoch [41/50], Step [300/844], Loss: 0.0000, Acc: 1.0000
2025-05-11 23:06:50,691 - INFO - Epoch [41/50], Step [400/844], Loss: 0.0001, Acc: 1.0000
2025-05-11 23:06:52,057 - INFO - Epoch [41/50], Step [500/844], Loss: 0.0192, Acc: 0.9844
2025-05-11 23:06:53,852 - INFO - Epoch [41/50], Step [600/844], Loss: 0.0000, Acc: 1.0000
2025-05-11 23:06:55,536 - INFO - Epoch [41/50], Step [700/844], Loss: 0.0002, Acc: 1.0000
2025-05-11 23:06:56,925 - INFO - Epoch [41/50], Step [800/844], Loss: 0.0000, Acc: 1.0000
2025-05-11 23:07:08,227 - INFO - Epoch [41/50] Summary: Train Loss: 0.0014, Train Acc: 0.9995 | Val Loss: 0.0923, Val Acc: 0.9868
2025-05-11 23:07:08,228 - INFO - Epoch 41: Learning rate updated to 0.000017
2025-05-11 23:07:17,706 - INFO - Epoch [42/50], Step [100/844], Loss: 0.0002, Acc: 1.0000
2025-05-11 23:07:19,066 - INFO - Epoch [42/50], Step [200/844], Loss: 0.0001, Acc: 1.0000
2025-05-11 23:07:20,410 - INFO - Epoch [42/50], Step [300/844], Loss: 0.0000, Acc: 1.0000
2025-05-11 23:07:22,169 - INFO - Epoch [42/50], Step [400/844], Loss: 0.0012, Acc: 1.0000
2025-05-11 23:07:23,661 - INFO - Epoch [42/50], Step [500/844], Loss: 0.0000, Acc: 1.0000
2025-05-11 23:07:24,977 - INFO - Epoch [42/50], Step [600/844], Loss: 0.0000, Acc: 1.0000
2025-05-11 23:07:26,316 - INFO - Epoch [42/50], Step [700/844], Loss: 0.0000, Acc: 1.0000
2025-05-11 23:07:28,070 - INFO - Epoch [42/50], Step [800/844], Loss: 0.0015, Acc: 1.0000
2025-05-11 23:07:39,967 - INFO - Epoch [42/50] Summary: Train Loss: 0.0009, Train Acc: 0.9997 | Val Loss: 0.0932, Val Acc: 0.9870
2025-05-11 23:07:39,969 - INFO - Epoch 42: Learning rate updated to 0.000017
2025-05-11 23:07:50,085 - INFO - Epoch [43/50], Step [100/844], Loss: 0.0005, Acc: 1.0000
2025-05-11 23:07:51,783 - INFO - Epoch [43/50], Step [200/844], Loss: 0.0001, Acc: 1.0000
2025-05-11 23:07:53,663 - INFO - Epoch [43/50], Step [300/844], Loss: 0.0005, Acc: 1.0000
2025-05-11 23:07:55,818 - INFO - Epoch [43/50], Step [400/844], Loss: 0.0000, Acc: 1.0000
2025-05-11 23:07:57,584 - INFO - Epoch [43/50], Step [500/844], Loss: 0.0027, Acc: 1.0000
2025-05-11 23:07:59,568 - INFO - Epoch [43/50], Step [600/844], Loss: 0.0000, Acc: 1.0000
2025-05-11 23:08:02,158 - INFO - Epoch [43/50], Step [700/844], Loss: 0.0001, Acc: 1.0000
2025-05-11 23:08:04,686 - INFO - Epoch [43/50], Step [800/844], Loss: 0.0000, Acc: 1.0000
2025-05-11 23:08:18,952 - INFO - Epoch [43/50] Summary: Train Loss: 0.0014, Train Acc: 0.9996 | Val Loss: 0.0934, Val Acc: 0.9872
2025-05-11 23:08:18,954 - INFO - Epoch 43: Learning rate updated to 0.000017
2025-05-11 23:08:28,739 - INFO - Epoch [44/50], Step [100/844], Loss: 0.0002, Acc: 1.0000
2025-05-11 23:08:29,778 - INFO - Epoch [44/50], Step [200/844], Loss: 0.0000, Acc: 1.0000
2025-05-11 23:08:30,849 - INFO - Epoch [44/50], Step [300/844], Loss: 0.0005, Acc: 1.0000
2025-05-11 23:08:31,897 - INFO - Epoch [44/50], Step [400/844], Loss: 0.0000, Acc: 1.0000
2025-05-11 23:08:33,533 - INFO - Epoch [44/50], Step [500/844], Loss: 0.0000, Acc: 1.0000
2025-05-11 23:08:35,351 - INFO - Epoch [44/50], Step [600/844], Loss: 0.0000, Acc: 1.0000
2025-05-11 23:08:36,579 - INFO - Epoch [44/50], Step [700/844], Loss: 0.0001, Acc: 1.0000
2025-05-11 23:08:37,847 - INFO - Epoch [44/50], Step [800/844], Loss: 0.0003, Acc: 1.0000
2025-05-11 23:08:50,158 - INFO - Epoch [44/50] Summary: Train Loss: 0.0014, Train Acc: 0.9995 | Val Loss: 0.0941, Val Acc: 0.9870
2025-05-11 23:08:50,159 - INFO - Epoch 44: Learning rate updated to 0.000017
2025-05-11 23:08:59,548 - INFO - Epoch [45/50], Step [100/844], Loss: 0.0000, Acc: 1.0000
2025-05-11 23:09:00,220 - INFO - Epoch [45/50], Step [200/844], Loss: 0.0001, Acc: 1.0000
2025-05-11 23:09:00,909 - INFO - Epoch [45/50], Step [300/844], Loss: 0.0000, Acc: 1.0000
2025-05-11 23:09:01,696 - INFO - Epoch [45/50], Step [400/844], Loss: 0.0025, Acc: 1.0000
2025-05-11 23:09:02,351 - INFO - Epoch [45/50], Step [500/844], Loss: 0.0000, Acc: 1.0000
2025-05-11 23:09:02,996 - INFO - Epoch [45/50], Step [600/844], Loss: 0.0002, Acc: 1.0000
2025-05-11 23:09:03,605 - INFO - Epoch [45/50], Step [700/844], Loss: 0.0043, Acc: 1.0000
2025-05-11 23:09:04,131 - INFO - Epoch [45/50], Step [800/844], Loss: 0.0006, Acc: 1.0000
2025-05-11 23:09:16,000 - INFO - Epoch [45/50] Summary: Train Loss: 0.0014, Train Acc: 0.9996 | Val Loss: 0.0953, Val Acc: 0.9872
2025-05-11 23:09:16,000 - INFO - Epoch 45: Learning rate updated to 0.000010
2025-05-11 23:09:26,505 - INFO - Epoch [46/50], Step [100/844], Loss: 0.0001, Acc: 1.0000
2025-05-11 23:09:27,383 - INFO - Epoch [46/50], Step [200/844], Loss: 0.0001, Acc: 1.0000
2025-05-11 23:09:29,163 - INFO - Epoch [46/50], Step [300/844], Loss: 0.0031, Acc: 1.0000
2025-05-11 23:09:31,604 - INFO - Epoch [46/50], Step [400/844], Loss: 0.0000, Acc: 1.0000
2025-05-11 23:09:33,915 - INFO - Epoch [46/50], Step [500/844], Loss: 0.0001, Acc: 1.0000
2025-05-11 23:09:36,381 - INFO - Epoch [46/50], Step [600/844], Loss: 0.0001, Acc: 1.0000
2025-05-11 23:09:38,649 - INFO - Epoch [46/50], Step [700/844], Loss: 0.0000, Acc: 1.0000
2025-05-11 23:09:40,896 - INFO - Epoch [46/50], Step [800/844], Loss: 0.0005, Acc: 1.0000
2025-05-11 23:10:34,721 - INFO - Epoch [46/50] Summary: Train Loss: 0.0014, Train Acc: 0.9996 | Val Loss: 0.0943, Val Acc: 0.9868
2025-05-11 23:10:34,722 - INFO - Epoch 46: Learning rate updated to 0.000010
2025-05-11 23:10:44,117 - INFO - Epoch [47/50], Step [100/844], Loss: 0.0000, Acc: 1.0000
2025-05-11 23:10:45,834 - INFO - Epoch [47/50], Step [200/844], Loss: 0.0001, Acc: 1.0000
2025-05-11 23:10:47,736 - INFO - Epoch [47/50], Step [300/844], Loss: 0.0000, Acc: 1.0000
2025-05-11 23:10:49,446 - INFO - Epoch [47/50], Step [400/844], Loss: 0.0003, Acc: 1.0000
2025-05-11 23:10:50,706 - INFO - Epoch [47/50], Step [500/844], Loss: 0.0000, Acc: 1.0000
2025-05-11 23:10:52,172 - INFO - Epoch [47/50], Step [600/844], Loss: 0.0000, Acc: 1.0000
2025-05-11 23:10:53,927 - INFO - Epoch [47/50], Step [700/844], Loss: 0.0000, Acc: 1.0000
2025-05-11 23:10:55,939 - INFO - Epoch [47/50], Step [800/844], Loss: 0.0006, Acc: 1.0000
2025-05-11 23:11:08,296 - INFO - Epoch [47/50] Summary: Train Loss: 0.0016, Train Acc: 0.9995 | Val Loss: 0.0942, Val Acc: 0.9873
2025-05-11 23:11:08,296 - INFO - Epoch 47: Learning rate updated to 0.000010
2025-05-11 23:11:19,632 - INFO - Epoch [48/50], Step [100/844], Loss: 0.0027, Acc: 1.0000
2025-05-11 23:11:21,722 - INFO - Epoch [48/50], Step [200/844], Loss: 0.0015, Acc: 1.0000
2025-05-11 23:11:23,783 - INFO - Epoch [48/50], Step [300/844], Loss: 0.0000, Acc: 1.0000
2025-05-11 23:11:26,174 - INFO - Epoch [48/50], Step [400/844], Loss: 0.0001, Acc: 1.0000
2025-05-11 23:11:28,286 - INFO - Epoch [48/50], Step [500/844], Loss: 0.0000, Acc: 1.0000
2025-05-11 23:11:30,416 - INFO - Epoch [48/50], Step [600/844], Loss: 0.0000, Acc: 1.0000
2025-05-11 23:11:32,848 - INFO - Epoch [48/50], Step [700/844], Loss: 0.0000, Acc: 1.0000
2025-05-11 23:11:35,090 - INFO - Epoch [48/50], Step [800/844], Loss: 0.0001, Acc: 1.0000
2025-05-11 23:11:47,667 - INFO - Epoch [48/50] Summary: Train Loss: 0.0012, Train Acc: 0.9997 | Val Loss: 0.0941, Val Acc: 0.9875
2025-05-11 23:11:47,667 - INFO - Epoch 48: Learning rate updated to 0.000010
2025-05-11 23:11:55,960 - INFO - Epoch [49/50], Step [100/844], Loss: 0.0005, Acc: 1.0000
2025-05-11 23:11:56,509 - INFO - Epoch [49/50], Step [200/844], Loss: 0.0000, Acc: 1.0000
2025-05-11 23:11:56,977 - INFO - Epoch [49/50], Step [300/844], Loss: 0.0000, Acc: 1.0000
2025-05-11 23:11:57,410 - INFO - Epoch [49/50], Step [400/844], Loss: 0.0000, Acc: 1.0000
2025-05-11 23:11:57,830 - INFO - Epoch [49/50], Step [500/844], Loss: 0.0003, Acc: 1.0000
2025-05-11 23:11:58,261 - INFO - Epoch [49/50], Step [600/844], Loss: 0.0023, Acc: 1.0000
2025-05-11 23:11:58,691 - INFO - Epoch [49/50], Step [700/844], Loss: 0.0000, Acc: 1.0000
2025-05-11 23:11:59,142 - INFO - Epoch [49/50], Step [800/844], Loss: 0.0000, Acc: 1.0000
2025-05-11 23:12:08,968 - INFO - Epoch [49/50] Summary: Train Loss: 0.0010, Train Acc: 0.9997 | Val Loss: 0.0935, Val Acc: 0.9875
2025-05-11 23:12:08,968 - INFO - Epoch 49: Learning rate updated to 0.000010
2025-05-11 23:12:16,343 - INFO - Epoch [50/50], Step [100/844], Loss: 0.0000, Acc: 1.0000
2025-05-11 23:12:16,719 - INFO - Epoch [50/50], Step [200/844], Loss: 0.0002, Acc: 1.0000
2025-05-11 23:12:17,101 - INFO - Epoch [50/50], Step [300/844], Loss: 0.0000, Acc: 1.0000
2025-05-11 23:12:17,562 - INFO - Epoch [50/50], Step [400/844], Loss: 0.0000, Acc: 1.0000
2025-05-11 23:12:17,996 - INFO - Epoch [50/50], Step [500/844], Loss: 0.0000, Acc: 1.0000
2025-05-11 23:12:18,387 - INFO - Epoch [50/50], Step [600/844], Loss: 0.0000, Acc: 1.0000
2025-05-11 23:12:18,744 - INFO - Epoch [50/50], Step [700/844], Loss: 0.0001, Acc: 1.0000
2025-05-11 23:12:19,078 - INFO - Epoch [50/50], Step [800/844], Loss: 0.0000, Acc: 1.0000
2025-05-11 23:12:28,706 - INFO - Epoch [50/50] Summary: Train Loss: 0.0012, Train Acc: 0.9996 | Val Loss: 0.0945, Val Acc: 0.9875
2025-05-11 23:12:28,707 - INFO - Epoch 50: Learning rate updated to 0.000006
2025-05-11 23:12:28,707 - INFO - Training finished.
2025-05-11 23:12:29,149 - INFO - Training curves saved to runs\fc_20250511_225203\results\loss_accuracy_curves.png
