2025-05-11 22:53:16,133 - INFO - Arguments: Namespace(model_type='cnn', num_workers=2)
2025-05-11 22:53:16,133 - INFO - Hyperparameters for cnn: {'batch_size': 64, 'epochs': 50, 'learning_rate': 0.001, 'weight_decay': 1e-05, 'seed': 42, 'num_classes': 10, 'log_interval': 100, 'model_name': 'cnn', 'dropout_rate': 0.2, 'optimizer': 'adam', 'scheduler': 'step', 'step_size': 5, 'gamma': 0.6}
2025-05-11 22:53:16,133 - INFO - Using device: cuda
2025-05-11 22:53:16,175 - INFO - Dataset loaded: Train=54000, Validation=6000, Test=10000
2025-05-11 22:53:16,284 - INFO - Model selected: cnn
2025-05-11 22:53:16,284 - INFO - CNNModel(
  (conv_layers): Sequential(
    (0): Conv2d(1, 32, kernel_size=(3, 3), stride=(1, 1), padding=(1, 1))
    (1): BatchNorm2d(32, eps=1e-05, momentum=0.1, affine=True, track_running_stats=True)
    (2): ReLU()
    (3): MaxPool2d(kernel_size=2, stride=2, padding=0, dilation=1, ceil_mode=False)
    (4): Conv2d(32, 64, kernel_size=(3, 3), stride=(1, 1), padding=(1, 1))
    (5): BatchNorm2d(64, eps=1e-05, momentum=0.1, affine=True, track_running_stats=True)
    (6): ReLU()
    (7): MaxPool2d(kernel_size=2, stride=2, padding=0, dilation=1, ceil_mode=False)
    (8): Conv2d(64, 128, kernel_size=(3, 3), stride=(1, 1), padding=(1, 1))
    (9): BatchNorm2d(128, eps=1e-05, momentum=0.1, affine=True, track_running_stats=True)
    (10): ReLU()
    (11): MaxPool2d(kernel_size=2, stride=2, padding=0, dilation=1, ceil_mode=False)
  )
  (fc_layers): Sequential(
    (0): Linear(in_features=1152, out_features=256, bias=True)
    (1): ReLU()
    (2): Dropout(p=0.2, inplace=False)
    (3): Linear(in_features=256, out_features=10, bias=True)
  )
)
2025-05-11 22:53:16,285 - INFO - Optimizer: adam, LR: 0.001, Weight Decay: 1e-05
2025-05-11 22:53:16,285 - INFO - Using StepLR scheduler with step_size=5, gamma=0.6
2025-05-11 22:53:16,285 - INFO - Starting training...
2025-05-11 22:53:24,339 - INFO - Epoch [1/50], Step [100/844], Loss: 0.0933, Acc: 0.9688
2025-05-11 22:53:24,698 - INFO - Epoch [1/50], Step [200/844], Loss: 0.0376, Acc: 0.9844
2025-05-11 22:53:25,094 - INFO - Epoch [1/50], Step [300/844], Loss: 0.1034, Acc: 0.9375
2025-05-11 22:53:25,483 - INFO - Epoch [1/50], Step [400/844], Loss: 0.0232, Acc: 0.9844
2025-05-11 22:53:25,902 - INFO - Epoch [1/50], Step [500/844], Loss: 0.1062, Acc: 0.9688
2025-05-11 22:53:26,366 - INFO - Epoch [1/50], Step [600/844], Loss: 0.0420, Acc: 0.9844
2025-05-11 22:53:26,897 - INFO - Epoch [1/50], Step [700/844], Loss: 0.0099, Acc: 1.0000
2025-05-11 22:53:27,440 - INFO - Epoch [1/50], Step [800/844], Loss: 0.0919, Acc: 0.9531
2025-05-11 22:53:36,160 - INFO - Epoch [1/50] Summary: Train Loss: 0.1180, Train Acc: 0.9650 | Val Loss: 0.0498, Val Acc: 0.9843
2025-05-11 22:53:36,165 - INFO - Best model saved to runs\cnn_20250511_225316\cnn_best.pth with validation accuracy: 0.9843
2025-05-11 22:53:36,165 - INFO - Epoch 1: Learning rate updated to 0.001000
2025-05-11 22:53:44,253 - INFO - Epoch [2/50], Step [100/844], Loss: 0.0074, Acc: 1.0000
2025-05-11 22:53:44,771 - INFO - Epoch [2/50], Step [200/844], Loss: 0.0316, Acc: 0.9844
2025-05-11 22:53:45,227 - INFO - Epoch [2/50], Step [300/844], Loss: 0.0210, Acc: 1.0000
2025-05-11 22:53:45,689 - INFO - Epoch [2/50], Step [400/844], Loss: 0.0021, Acc: 1.0000
2025-05-11 22:53:46,251 - INFO - Epoch [2/50], Step [500/844], Loss: 0.0019, Acc: 1.0000
2025-05-11 22:53:46,827 - INFO - Epoch [2/50], Step [600/844], Loss: 0.0057, Acc: 1.0000
2025-05-11 22:53:47,382 - INFO - Epoch [2/50], Step [700/844], Loss: 0.0706, Acc: 0.9844
2025-05-11 22:53:47,939 - INFO - Epoch [2/50], Step [800/844], Loss: 0.0245, Acc: 0.9844
2025-05-11 22:53:56,325 - INFO - Epoch [2/50] Summary: Train Loss: 0.0426, Train Acc: 0.9869 | Val Loss: 0.0345, Val Acc: 0.9895
2025-05-11 22:53:56,329 - INFO - Best model saved to runs\cnn_20250511_225316\cnn_best.pth with validation accuracy: 0.9895
2025-05-11 22:53:56,329 - INFO - Epoch 2: Learning rate updated to 0.001000
2025-05-11 22:54:03,759 - INFO - Epoch [3/50], Step [100/844], Loss: 0.0336, Acc: 0.9844
2025-05-11 22:54:04,173 - INFO - Epoch [3/50], Step [200/844], Loss: 0.0044, Acc: 1.0000
2025-05-11 22:54:04,744 - INFO - Epoch [3/50], Step [300/844], Loss: 0.0404, Acc: 0.9844
2025-05-11 22:54:05,297 - INFO - Epoch [3/50], Step [400/844], Loss: 0.0014, Acc: 1.0000
2025-05-11 22:54:05,837 - INFO - Epoch [3/50], Step [500/844], Loss: 0.0031, Acc: 1.0000
2025-05-11 22:54:06,379 - INFO - Epoch [3/50], Step [600/844], Loss: 0.0182, Acc: 1.0000
2025-05-11 22:54:06,914 - INFO - Epoch [3/50], Step [700/844], Loss: 0.0091, Acc: 1.0000
2025-05-11 22:54:07,485 - INFO - Epoch [3/50], Step [800/844], Loss: 0.0105, Acc: 1.0000
2025-05-11 22:54:15,937 - INFO - Epoch [3/50] Summary: Train Loss: 0.0294, Train Acc: 0.9907 | Val Loss: 0.0389, Val Acc: 0.9888
2025-05-11 22:54:15,938 - INFO - Epoch 3: Learning rate updated to 0.001000
2025-05-11 22:54:23,539 - INFO - Epoch [4/50], Step [100/844], Loss: 0.0298, Acc: 0.9844
2025-05-11 22:54:24,107 - INFO - Epoch [4/50], Step [200/844], Loss: 0.0041, Acc: 1.0000
2025-05-11 22:54:24,679 - INFO - Epoch [4/50], Step [300/844], Loss: 0.0107, Acc: 1.0000
2025-05-11 22:54:25,256 - INFO - Epoch [4/50], Step [400/844], Loss: 0.0099, Acc: 1.0000
2025-05-11 22:54:25,841 - INFO - Epoch [4/50], Step [500/844], Loss: 0.0054, Acc: 1.0000
2025-05-11 22:54:26,425 - INFO - Epoch [4/50], Step [600/844], Loss: 0.0004, Acc: 1.0000
2025-05-11 22:54:27,037 - INFO - Epoch [4/50], Step [700/844], Loss: 0.0529, Acc: 0.9688
2025-05-11 22:54:27,493 - INFO - Epoch [4/50], Step [800/844], Loss: 0.0109, Acc: 1.0000
2025-05-11 22:54:35,617 - INFO - Epoch [4/50] Summary: Train Loss: 0.0256, Train Acc: 0.9916 | Val Loss: 0.0326, Val Acc: 0.9895
2025-05-11 22:54:35,617 - INFO - Epoch 4: Learning rate updated to 0.001000
2025-05-11 22:54:43,315 - INFO - Epoch [5/50], Step [100/844], Loss: 0.0023, Acc: 1.0000
2025-05-11 22:54:43,947 - INFO - Epoch [5/50], Step [200/844], Loss: 0.0015, Acc: 1.0000
2025-05-11 22:54:44,538 - INFO - Epoch [5/50], Step [300/844], Loss: 0.0298, Acc: 0.9844
2025-05-11 22:54:45,137 - INFO - Epoch [5/50], Step [400/844], Loss: 0.0018, Acc: 1.0000
2025-05-11 22:54:45,737 - INFO - Epoch [5/50], Step [500/844], Loss: 0.0356, Acc: 0.9844
2025-05-11 22:54:46,382 - INFO - Epoch [5/50], Step [600/844], Loss: 0.0049, Acc: 1.0000
2025-05-11 22:54:46,963 - INFO - Epoch [5/50], Step [700/844], Loss: 0.0113, Acc: 1.0000
2025-05-11 22:54:47,480 - INFO - Epoch [5/50], Step [800/844], Loss: 0.0283, Acc: 0.9844
2025-05-11 22:54:55,656 - INFO - Epoch [5/50] Summary: Train Loss: 0.0194, Train Acc: 0.9935 | Val Loss: 0.0514, Val Acc: 0.9863
2025-05-11 22:54:55,656 - INFO - Epoch 5: Learning rate updated to 0.000600
2025-05-11 22:55:04,016 - INFO - Epoch [6/50], Step [100/844], Loss: 0.0008, Acc: 1.0000
2025-05-11 22:55:04,664 - INFO - Epoch [6/50], Step [200/844], Loss: 0.0139, Acc: 0.9844
2025-05-11 22:55:05,288 - INFO - Epoch [6/50], Step [300/844], Loss: 0.0002, Acc: 1.0000
2025-05-11 22:55:05,946 - INFO - Epoch [6/50], Step [400/844], Loss: 0.0012, Acc: 1.0000
2025-05-11 22:55:06,638 - INFO - Epoch [6/50], Step [500/844], Loss: 0.0022, Acc: 1.0000
2025-05-11 22:55:07,368 - INFO - Epoch [6/50], Step [600/844], Loss: 0.0012, Acc: 1.0000
2025-05-11 22:55:07,932 - INFO - Epoch [6/50], Step [700/844], Loss: 0.0063, Acc: 1.0000
2025-05-11 22:55:08,533 - INFO - Epoch [6/50], Step [800/844], Loss: 0.0003, Acc: 1.0000
2025-05-11 22:55:17,505 - INFO - Epoch [6/50] Summary: Train Loss: 0.0100, Train Acc: 0.9970 | Val Loss: 0.0336, Val Acc: 0.9922
2025-05-11 22:55:17,518 - INFO - Best model saved to runs\cnn_20250511_225316\cnn_best.pth with validation accuracy: 0.9922
2025-05-11 22:55:17,518 - INFO - Epoch 6: Learning rate updated to 0.000600
2025-05-11 22:55:25,267 - INFO - Epoch [7/50], Step [100/844], Loss: 0.0099, Acc: 1.0000
2025-05-11 22:55:26,236 - INFO - Epoch [7/50], Step [200/844], Loss: 0.0210, Acc: 0.9844
2025-05-11 22:55:27,115 - INFO - Epoch [7/50], Step [300/844], Loss: 0.0001, Acc: 1.0000
2025-05-11 22:55:27,966 - INFO - Epoch [7/50], Step [400/844], Loss: 0.0004, Acc: 1.0000
2025-05-11 22:55:28,736 - INFO - Epoch [7/50], Step [500/844], Loss: 0.0091, Acc: 1.0000
2025-05-11 22:55:29,534 - INFO - Epoch [7/50], Step [600/844], Loss: 0.0002, Acc: 1.0000
2025-05-11 22:55:30,177 - INFO - Epoch [7/50], Step [700/844], Loss: 0.0390, Acc: 0.9844
2025-05-11 22:55:30,840 - INFO - Epoch [7/50], Step [800/844], Loss: 0.0001, Acc: 1.0000
2025-05-11 22:55:39,734 - INFO - Epoch [7/50] Summary: Train Loss: 0.0081, Train Acc: 0.9973 | Val Loss: 0.0340, Val Acc: 0.9920
2025-05-11 22:55:39,734 - INFO - Epoch 7: Learning rate updated to 0.000600
2025-05-11 22:55:50,215 - INFO - Epoch [8/50], Step [100/844], Loss: 0.0011, Acc: 1.0000
2025-05-11 22:55:51,010 - INFO - Epoch [8/50], Step [200/844], Loss: 0.0014, Acc: 1.0000
2025-05-11 22:55:51,779 - INFO - Epoch [8/50], Step [300/844], Loss: 0.0005, Acc: 1.0000
2025-05-11 22:55:52,461 - INFO - Epoch [8/50], Step [400/844], Loss: 0.0004, Acc: 1.0000
2025-05-11 22:55:53,141 - INFO - Epoch [8/50], Step [500/844], Loss: 0.0013, Acc: 1.0000
2025-05-11 22:55:53,650 - INFO - Epoch [8/50], Step [600/844], Loss: 0.0026, Acc: 1.0000
2025-05-11 22:55:54,192 - INFO - Epoch [8/50], Step [700/844], Loss: 0.0056, Acc: 1.0000
2025-05-11 22:55:54,717 - INFO - Epoch [8/50], Step [800/844], Loss: 0.0088, Acc: 1.0000
2025-05-11 22:56:03,397 - INFO - Epoch [8/50] Summary: Train Loss: 0.0069, Train Acc: 0.9977 | Val Loss: 0.0385, Val Acc: 0.9903
2025-05-11 22:56:03,397 - INFO - Epoch 8: Learning rate updated to 0.000600
2025-05-11 22:56:12,818 - INFO - Epoch [9/50], Step [100/844], Loss: 0.0005, Acc: 1.0000
2025-05-11 22:56:13,504 - INFO - Epoch [9/50], Step [200/844], Loss: 0.0000, Acc: 1.0000
2025-05-11 22:56:14,194 - INFO - Epoch [9/50], Step [300/844], Loss: 0.0001, Acc: 1.0000
2025-05-11 22:56:14,961 - INFO - Epoch [9/50], Step [400/844], Loss: 0.0016, Acc: 1.0000
2025-05-11 22:56:15,645 - INFO - Epoch [9/50], Step [500/844], Loss: 0.0009, Acc: 1.0000
2025-05-11 22:56:16,227 - INFO - Epoch [9/50], Step [600/844], Loss: 0.0001, Acc: 1.0000
2025-05-11 22:56:16,704 - INFO - Epoch [9/50], Step [700/844], Loss: 0.0030, Acc: 1.0000
2025-05-11 22:56:17,157 - INFO - Epoch [9/50], Step [800/844], Loss: 0.0009, Acc: 1.0000
2025-05-11 22:56:26,334 - INFO - Epoch [9/50] Summary: Train Loss: 0.0070, Train Acc: 0.9977 | Val Loss: 0.0420, Val Acc: 0.9907
2025-05-11 22:56:26,336 - INFO - Epoch 9: Learning rate updated to 0.000600
2025-05-11 22:56:35,320 - INFO - Epoch [10/50], Step [100/844], Loss: 0.0492, Acc: 0.9844
2025-05-11 22:56:36,095 - INFO - Epoch [10/50], Step [200/844], Loss: 0.0003, Acc: 1.0000
2025-05-11 22:56:36,775 - INFO - Epoch [10/50], Step [300/844], Loss: 0.0211, Acc: 0.9844
2025-05-11 22:56:37,439 - INFO - Epoch [10/50], Step [400/844], Loss: 0.0068, Acc: 1.0000
2025-05-11 22:56:38,127 - INFO - Epoch [10/50], Step [500/844], Loss: 0.0034, Acc: 1.0000
2025-05-11 22:56:38,775 - INFO - Epoch [10/50], Step [600/844], Loss: 0.0009, Acc: 1.0000
2025-05-11 22:56:39,250 - INFO - Epoch [10/50], Step [700/844], Loss: 0.0009, Acc: 1.0000
2025-05-11 22:56:39,767 - INFO - Epoch [10/50], Step [800/844], Loss: 0.0001, Acc: 1.0000
2025-05-11 22:56:49,251 - INFO - Epoch [10/50] Summary: Train Loss: 0.0070, Train Acc: 0.9976 | Val Loss: 0.0414, Val Acc: 0.9897
2025-05-11 22:56:49,251 - INFO - Epoch 10: Learning rate updated to 0.000360
2025-05-11 22:56:58,373 - INFO - Epoch [11/50], Step [100/844], Loss: 0.0000, Acc: 1.0000
2025-05-11 22:56:59,051 - INFO - Epoch [11/50], Step [200/844], Loss: 0.0009, Acc: 1.0000
2025-05-11 22:56:59,731 - INFO - Epoch [11/50], Step [300/844], Loss: 0.0001, Acc: 1.0000
2025-05-11 22:57:00,413 - INFO - Epoch [11/50], Step [400/844], Loss: 0.0013, Acc: 1.0000
2025-05-11 22:57:01,093 - INFO - Epoch [11/50], Step [500/844], Loss: 0.0004, Acc: 1.0000
2025-05-11 22:57:01,716 - INFO - Epoch [11/50], Step [600/844], Loss: 0.0134, Acc: 0.9844
2025-05-11 22:57:02,284 - INFO - Epoch [11/50], Step [700/844], Loss: 0.0005, Acc: 1.0000
2025-05-11 22:57:02,762 - INFO - Epoch [11/50], Step [800/844], Loss: 0.0072, Acc: 1.0000
2025-05-11 22:57:12,361 - INFO - Epoch [11/50] Summary: Train Loss: 0.0027, Train Acc: 0.9990 | Val Loss: 0.0324, Val Acc: 0.9932
2025-05-11 22:57:12,367 - INFO - Best model saved to runs\cnn_20250511_225316\cnn_best.pth with validation accuracy: 0.9932
2025-05-11 22:57:12,368 - INFO - Epoch 11: Learning rate updated to 0.000360
2025-05-11 22:57:20,983 - INFO - Epoch [12/50], Step [100/844], Loss: 0.0002, Acc: 1.0000
2025-05-11 22:57:21,674 - INFO - Epoch [12/50], Step [200/844], Loss: 0.0027, Acc: 1.0000
2025-05-11 22:57:22,363 - INFO - Epoch [12/50], Step [300/844], Loss: 0.0009, Acc: 1.0000
2025-05-11 22:57:23,041 - INFO - Epoch [12/50], Step [400/844], Loss: 0.0003, Acc: 1.0000
2025-05-11 22:57:23,858 - INFO - Epoch [12/50], Step [500/844], Loss: 0.0092, Acc: 1.0000
2025-05-11 22:57:24,514 - INFO - Epoch [12/50], Step [600/844], Loss: 0.0000, Acc: 1.0000
2025-05-11 22:57:24,986 - INFO - Epoch [12/50], Step [700/844], Loss: 0.0008, Acc: 1.0000
2025-05-11 22:57:25,448 - INFO - Epoch [12/50], Step [800/844], Loss: 0.0000, Acc: 1.0000
2025-05-11 22:57:35,118 - INFO - Epoch [12/50] Summary: Train Loss: 0.0015, Train Acc: 0.9995 | Val Loss: 0.0428, Val Acc: 0.9903
2025-05-11 22:57:35,119 - INFO - Epoch 12: Learning rate updated to 0.000360
2025-05-11 22:57:43,404 - INFO - Epoch [13/50], Step [100/844], Loss: 0.0041, Acc: 1.0000
2025-05-11 22:57:44,087 - INFO - Epoch [13/50], Step [200/844], Loss: 0.0001, Acc: 1.0000
2025-05-11 22:57:44,767 - INFO - Epoch [13/50], Step [300/844], Loss: 0.0005, Acc: 1.0000
2025-05-11 22:57:45,560 - INFO - Epoch [13/50], Step [400/844], Loss: 0.0000, Acc: 1.0000
2025-05-11 22:57:46,315 - INFO - Epoch [13/50], Step [500/844], Loss: 0.0001, Acc: 1.0000
2025-05-11 22:57:47,012 - INFO - Epoch [13/50], Step [600/844], Loss: 0.0043, Acc: 1.0000
2025-05-11 22:57:47,603 - INFO - Epoch [13/50], Step [700/844], Loss: 0.0003, Acc: 1.0000
2025-05-11 22:57:48,202 - INFO - Epoch [13/50], Step [800/844], Loss: 0.0105, Acc: 1.0000
2025-05-11 22:57:57,902 - INFO - Epoch [13/50] Summary: Train Loss: 0.0024, Train Acc: 0.9992 | Val Loss: 0.0448, Val Acc: 0.9915
2025-05-11 22:57:57,902 - INFO - Epoch 13: Learning rate updated to 0.000360
2025-05-11 22:58:06,160 - INFO - Epoch [14/50], Step [100/844], Loss: 0.0003, Acc: 1.0000
2025-05-11 22:58:06,907 - INFO - Epoch [14/50], Step [200/844], Loss: 0.0002, Acc: 1.0000
2025-05-11 22:58:07,661 - INFO - Epoch [14/50], Step [300/844], Loss: 0.0001, Acc: 1.0000
2025-05-11 22:58:08,521 - INFO - Epoch [14/50], Step [400/844], Loss: 0.0001, Acc: 1.0000
2025-05-11 22:58:09,328 - INFO - Epoch [14/50], Step [500/844], Loss: 0.0235, Acc: 0.9844
2025-05-11 22:58:10,024 - INFO - Epoch [14/50], Step [600/844], Loss: 0.0095, Acc: 1.0000
2025-05-11 22:58:10,604 - INFO - Epoch [14/50], Step [700/844], Loss: 0.0000, Acc: 1.0000
2025-05-11 22:58:11,196 - INFO - Epoch [14/50], Step [800/844], Loss: 0.0001, Acc: 1.0000
2025-05-11 22:58:20,781 - INFO - Epoch [14/50] Summary: Train Loss: 0.0028, Train Acc: 0.9991 | Val Loss: 0.0428, Val Acc: 0.9928
2025-05-11 22:58:20,781 - INFO - Epoch 14: Learning rate updated to 0.000360
2025-05-11 22:58:29,051 - INFO - Epoch [15/50], Step [100/844], Loss: 0.0033, Acc: 1.0000
2025-05-11 22:58:29,856 - INFO - Epoch [15/50], Step [200/844], Loss: 0.0000, Acc: 1.0000
2025-05-11 22:58:30,715 - INFO - Epoch [15/50], Step [300/844], Loss: 0.0009, Acc: 1.0000
2025-05-11 22:58:31,543 - INFO - Epoch [15/50], Step [400/844], Loss: 0.0000, Acc: 1.0000
2025-05-11 22:58:32,323 - INFO - Epoch [15/50], Step [500/844], Loss: 0.0000, Acc: 1.0000
2025-05-11 22:58:32,938 - INFO - Epoch [15/50], Step [600/844], Loss: 0.0030, Acc: 1.0000
2025-05-11 22:58:33,519 - INFO - Epoch [15/50], Step [700/844], Loss: 0.0030, Acc: 1.0000
2025-05-11 22:58:34,165 - INFO - Epoch [15/50], Step [800/844], Loss: 0.0002, Acc: 1.0000
2025-05-11 22:58:43,850 - INFO - Epoch [15/50] Summary: Train Loss: 0.0023, Train Acc: 0.9993 | Val Loss: 0.0361, Val Acc: 0.9930
2025-05-11 22:58:43,851 - INFO - Epoch 15: Learning rate updated to 0.000216
2025-05-11 22:58:52,017 - INFO - Epoch [16/50], Step [100/844], Loss: 0.0010, Acc: 1.0000
2025-05-11 22:58:52,894 - INFO - Epoch [16/50], Step [200/844], Loss: 0.0014, Acc: 1.0000
2025-05-11 22:58:53,714 - INFO - Epoch [16/50], Step [300/844], Loss: 0.0000, Acc: 1.0000
2025-05-11 22:58:54,525 - INFO - Epoch [16/50], Step [400/844], Loss: 0.0000, Acc: 1.0000
2025-05-11 22:58:55,327 - INFO - Epoch [16/50], Step [500/844], Loss: 0.0000, Acc: 1.0000
2025-05-11 22:58:56,009 - INFO - Epoch [16/50], Step [600/844], Loss: 0.0000, Acc: 1.0000
2025-05-11 22:58:56,501 - INFO - Epoch [16/50], Step [700/844], Loss: 0.0000, Acc: 1.0000
2025-05-11 22:58:56,944 - INFO - Epoch [16/50], Step [800/844], Loss: 0.0000, Acc: 1.0000
2025-05-11 22:59:06,949 - INFO - Epoch [16/50] Summary: Train Loss: 0.0008, Train Acc: 0.9998 | Val Loss: 0.0414, Val Acc: 0.9928
2025-05-11 22:59:06,950 - INFO - Epoch 16: Learning rate updated to 0.000216
2025-05-11 22:59:15,802 - INFO - Epoch [17/50], Step [100/844], Loss: 0.0008, Acc: 1.0000
2025-05-11 22:59:16,637 - INFO - Epoch [17/50], Step [200/844], Loss: 0.0001, Acc: 1.0000
2025-05-11 22:59:17,464 - INFO - Epoch [17/50], Step [300/844], Loss: 0.0002, Acc: 1.0000
2025-05-11 22:59:18,293 - INFO - Epoch [17/50], Step [400/844], Loss: 0.0000, Acc: 1.0000
2025-05-11 22:59:19,007 - INFO - Epoch [17/50], Step [500/844], Loss: 0.0000, Acc: 1.0000
2025-05-11 22:59:19,705 - INFO - Epoch [17/50], Step [600/844], Loss: 0.0000, Acc: 1.0000
2025-05-11 22:59:20,246 - INFO - Epoch [17/50], Step [700/844], Loss: 0.0000, Acc: 1.0000
2025-05-11 22:59:20,742 - INFO - Epoch [17/50], Step [800/844], Loss: 0.0000, Acc: 1.0000
2025-05-11 22:59:31,277 - INFO - Epoch [17/50] Summary: Train Loss: 0.0004, Train Acc: 0.9999 | Val Loss: 0.0387, Val Acc: 0.9937
2025-05-11 22:59:31,281 - INFO - Best model saved to runs\cnn_20250511_225316\cnn_best.pth with validation accuracy: 0.9937
2025-05-11 22:59:31,281 - INFO - Epoch 17: Learning rate updated to 0.000216
2025-05-11 22:59:40,358 - INFO - Epoch [18/50], Step [100/844], Loss: 0.0000, Acc: 1.0000
2025-05-11 22:59:41,152 - INFO - Epoch [18/50], Step [200/844], Loss: 0.0000, Acc: 1.0000
2025-05-11 22:59:41,887 - INFO - Epoch [18/50], Step [300/844], Loss: 0.0000, Acc: 1.0000
2025-05-11 22:59:42,556 - INFO - Epoch [18/50], Step [400/844], Loss: 0.0000, Acc: 1.0000
2025-05-11 22:59:43,255 - INFO - Epoch [18/50], Step [500/844], Loss: 0.0000, Acc: 1.0000
2025-05-11 22:59:44,028 - INFO - Epoch [18/50], Step [600/844], Loss: 0.0000, Acc: 1.0000
2025-05-11 22:59:44,718 - INFO - Epoch [18/50], Step [700/844], Loss: 0.0000, Acc: 1.0000
2025-05-11 22:59:45,325 - INFO - Epoch [18/50], Step [800/844], Loss: 0.0000, Acc: 1.0000
2025-05-11 22:59:54,552 - INFO - Epoch [18/50] Summary: Train Loss: 0.0007, Train Acc: 0.9998 | Val Loss: 0.0396, Val Acc: 0.9918
2025-05-11 22:59:54,552 - INFO - Epoch 18: Learning rate updated to 0.000216
2025-05-11 23:00:03,064 - INFO - Epoch [19/50], Step [100/844], Loss: 0.0000, Acc: 1.0000
2025-05-11 23:00:03,742 - INFO - Epoch [19/50], Step [200/844], Loss: 0.0001, Acc: 1.0000
2025-05-11 23:00:04,508 - INFO - Epoch [19/50], Step [300/844], Loss: 0.0000, Acc: 1.0000
2025-05-11 23:00:05,312 - INFO - Epoch [19/50], Step [400/844], Loss: 0.0003, Acc: 1.0000
2025-05-11 23:00:06,136 - INFO - Epoch [19/50], Step [500/844], Loss: 0.0000, Acc: 1.0000
2025-05-11 23:00:06,915 - INFO - Epoch [19/50], Step [600/844], Loss: 0.0000, Acc: 1.0000
2025-05-11 23:00:07,654 - INFO - Epoch [19/50], Step [700/844], Loss: 0.0000, Acc: 1.0000
2025-05-11 23:00:08,256 - INFO - Epoch [19/50], Step [800/844], Loss: 0.0000, Acc: 1.0000
2025-05-11 23:00:17,621 - INFO - Epoch [19/50] Summary: Train Loss: 0.0009, Train Acc: 0.9997 | Val Loss: 0.0516, Val Acc: 0.9923
2025-05-11 23:00:17,622 - INFO - Epoch 19: Learning rate updated to 0.000216
2025-05-11 23:00:26,025 - INFO - Epoch [20/50], Step [100/844], Loss: 0.0021, Acc: 1.0000
2025-05-11 23:00:26,829 - INFO - Epoch [20/50], Step [200/844], Loss: 0.0019, Acc: 1.0000
2025-05-11 23:00:27,624 - INFO - Epoch [20/50], Step [300/844], Loss: 0.0001, Acc: 1.0000
2025-05-11 23:00:28,415 - INFO - Epoch [20/50], Step [400/844], Loss: 0.0002, Acc: 1.0000
2025-05-11 23:00:29,202 - INFO - Epoch [20/50], Step [500/844], Loss: 0.0000, Acc: 1.0000
2025-05-11 23:00:30,003 - INFO - Epoch [20/50], Step [600/844], Loss: 0.0000, Acc: 1.0000
2025-05-11 23:00:30,694 - INFO - Epoch [20/50], Step [700/844], Loss: 0.0000, Acc: 1.0000
2025-05-11 23:00:31,284 - INFO - Epoch [20/50], Step [800/844], Loss: 0.0013, Acc: 1.0000
2025-05-11 23:00:41,224 - INFO - Epoch [20/50] Summary: Train Loss: 0.0007, Train Acc: 0.9999 | Val Loss: 0.0434, Val Acc: 0.9932
2025-05-11 23:00:41,225 - INFO - Epoch 20: Learning rate updated to 0.000130
2025-05-11 23:00:50,939 - INFO - Epoch [21/50], Step [100/844], Loss: 0.0000, Acc: 1.0000
2025-05-11 23:00:51,860 - INFO - Epoch [21/50], Step [200/844], Loss: 0.0000, Acc: 1.0000
2025-05-11 23:00:52,684 - INFO - Epoch [21/50], Step [300/844], Loss: 0.0000, Acc: 1.0000
2025-05-11 23:00:53,511 - INFO - Epoch [21/50], Step [400/844], Loss: 0.0000, Acc: 1.0000
2025-05-11 23:00:54,330 - INFO - Epoch [21/50], Step [500/844], Loss: 0.0002, Acc: 1.0000
2025-05-11 23:00:55,136 - INFO - Epoch [21/50], Step [600/844], Loss: 0.0000, Acc: 1.0000
2025-05-11 23:00:55,775 - INFO - Epoch [21/50], Step [700/844], Loss: 0.0001, Acc: 1.0000
2025-05-11 23:00:56,526 - INFO - Epoch [21/50], Step [800/844], Loss: 0.0000, Acc: 1.0000
2025-05-11 23:01:05,880 - INFO - Epoch [21/50] Summary: Train Loss: 0.0002, Train Acc: 1.0000 | Val Loss: 0.0409, Val Acc: 0.9933
2025-05-11 23:01:05,880 - INFO - Epoch 21: Learning rate updated to 0.000130
2025-05-11 23:01:14,724 - INFO - Epoch [22/50], Step [100/844], Loss: 0.0000, Acc: 1.0000
2025-05-11 23:01:15,540 - INFO - Epoch [22/50], Step [200/844], Loss: 0.0002, Acc: 1.0000
2025-05-11 23:01:16,377 - INFO - Epoch [22/50], Step [300/844], Loss: 0.0000, Acc: 1.0000
2025-05-11 23:01:17,251 - INFO - Epoch [22/50], Step [400/844], Loss: 0.0000, Acc: 1.0000
2025-05-11 23:01:18,097 - INFO - Epoch [22/50], Step [500/844], Loss: 0.0000, Acc: 1.0000
2025-05-11 23:01:19,062 - INFO - Epoch [22/50], Step [600/844], Loss: 0.0000, Acc: 1.0000
2025-05-11 23:01:19,815 - INFO - Epoch [22/50], Step [700/844], Loss: 0.0000, Acc: 1.0000
2025-05-11 23:01:20,533 - INFO - Epoch [22/50], Step [800/844], Loss: 0.0000, Acc: 1.0000
2025-05-11 23:01:30,075 - INFO - Epoch [22/50] Summary: Train Loss: 0.0002, Train Acc: 1.0000 | Val Loss: 0.0406, Val Acc: 0.9933
2025-05-11 23:01:30,076 - INFO - Epoch 22: Learning rate updated to 0.000130
2025-05-11 23:01:38,512 - INFO - Epoch [23/50], Step [100/844], Loss: 0.0000, Acc: 1.0000
2025-05-11 23:01:39,297 - INFO - Epoch [23/50], Step [200/844], Loss: 0.0003, Acc: 1.0000
2025-05-11 23:01:40,016 - INFO - Epoch [23/50], Step [300/844], Loss: 0.0000, Acc: 1.0000
2025-05-11 23:01:40,803 - INFO - Epoch [23/50], Step [400/844], Loss: 0.0000, Acc: 1.0000
2025-05-11 23:01:41,768 - INFO - Epoch [23/50], Step [500/844], Loss: 0.0000, Acc: 1.0000
2025-05-11 23:01:42,736 - INFO - Epoch [23/50], Step [600/844], Loss: 0.0001, Acc: 1.0000
2025-05-11 23:01:43,486 - INFO - Epoch [23/50], Step [700/844], Loss: 0.0000, Acc: 1.0000
2025-05-11 23:01:44,244 - INFO - Epoch [23/50], Step [800/844], Loss: 0.0001, Acc: 1.0000
2025-05-11 23:01:54,219 - INFO - Epoch [23/50] Summary: Train Loss: 0.0003, Train Acc: 1.0000 | Val Loss: 0.0432, Val Acc: 0.9933
2025-05-11 23:01:54,219 - INFO - Epoch 23: Learning rate updated to 0.000130
2025-05-11 23:02:03,660 - INFO - Epoch [24/50], Step [100/844], Loss: 0.0004, Acc: 1.0000
2025-05-11 23:02:04,385 - INFO - Epoch [24/50], Step [200/844], Loss: 0.0000, Acc: 1.0000
2025-05-11 23:02:05,129 - INFO - Epoch [24/50], Step [300/844], Loss: 0.0000, Acc: 1.0000
2025-05-11 23:02:06,124 - INFO - Epoch [24/50], Step [400/844], Loss: 0.0000, Acc: 1.0000
2025-05-11 23:02:07,092 - INFO - Epoch [24/50], Step [500/844], Loss: 0.0000, Acc: 1.0000
2025-05-11 23:02:07,859 - INFO - Epoch [24/50], Step [600/844], Loss: 0.0006, Acc: 1.0000
2025-05-11 23:02:08,575 - INFO - Epoch [24/50], Step [700/844], Loss: 0.0000, Acc: 1.0000
2025-05-11 23:02:09,288 - INFO - Epoch [24/50], Step [800/844], Loss: 0.0000, Acc: 1.0000
2025-05-11 23:02:19,298 - INFO - Epoch [24/50] Summary: Train Loss: 0.0004, Train Acc: 0.9999 | Val Loss: 0.0393, Val Acc: 0.9928
2025-05-11 23:02:19,298 - INFO - Epoch 24: Learning rate updated to 0.000130
2025-05-11 23:02:27,766 - INFO - Epoch [25/50], Step [100/844], Loss: 0.0000, Acc: 1.0000
2025-05-11 23:02:28,565 - INFO - Epoch [25/50], Step [200/844], Loss: 0.0000, Acc: 1.0000
2025-05-11 23:02:29,531 - INFO - Epoch [25/50], Step [300/844], Loss: 0.0000, Acc: 1.0000
2025-05-11 23:02:30,368 - INFO - Epoch [25/50], Step [400/844], Loss: 0.0000, Acc: 1.0000
2025-05-11 23:02:31,195 - INFO - Epoch [25/50], Step [500/844], Loss: 0.0000, Acc: 1.0000
2025-05-11 23:02:32,029 - INFO - Epoch [25/50], Step [600/844], Loss: 0.0000, Acc: 1.0000
2025-05-11 23:02:32,842 - INFO - Epoch [25/50], Step [700/844], Loss: 0.0000, Acc: 1.0000
2025-05-11 23:02:33,665 - INFO - Epoch [25/50], Step [800/844], Loss: 0.0000, Acc: 1.0000
2025-05-11 23:02:43,394 - INFO - Epoch [25/50] Summary: Train Loss: 0.0001, Train Acc: 1.0000 | Val Loss: 0.0402, Val Acc: 0.9938
2025-05-11 23:02:43,404 - INFO - Best model saved to runs\cnn_20250511_225316\cnn_best.pth with validation accuracy: 0.9938
2025-05-11 23:02:43,418 - INFO - Epoch 25: Learning rate updated to 0.000078
2025-05-11 23:02:52,291 - INFO - Epoch [26/50], Step [100/844], Loss: 0.0000, Acc: 1.0000
2025-05-11 23:02:52,995 - INFO - Epoch [26/50], Step [200/844], Loss: 0.0000, Acc: 1.0000
2025-05-11 23:02:53,790 - INFO - Epoch [26/50], Step [300/844], Loss: 0.0000, Acc: 1.0000
2025-05-11 23:02:54,617 - INFO - Epoch [26/50], Step [400/844], Loss: 0.0001, Acc: 1.0000
2025-05-11 23:02:55,454 - INFO - Epoch [26/50], Step [500/844], Loss: 0.0000, Acc: 1.0000
2025-05-11 23:02:56,275 - INFO - Epoch [26/50], Step [600/844], Loss: 0.0000, Acc: 1.0000
2025-05-11 23:02:57,087 - INFO - Epoch [26/50], Step [700/844], Loss: 0.0000, Acc: 1.0000
2025-05-11 23:02:57,899 - INFO - Epoch [26/50], Step [800/844], Loss: 0.0000, Acc: 1.0000
2025-05-11 23:03:08,068 - INFO - Epoch [26/50] Summary: Train Loss: 0.0001, Train Acc: 1.0000 | Val Loss: 0.0427, Val Acc: 0.9940
2025-05-11 23:03:08,073 - INFO - Best model saved to runs\cnn_20250511_225316\cnn_best.pth with validation accuracy: 0.9940
2025-05-11 23:03:08,073 - INFO - Epoch 26: Learning rate updated to 0.000078
2025-05-11 23:03:17,172 - INFO - Epoch [27/50], Step [100/844], Loss: 0.0000, Acc: 1.0000
2025-05-11 23:03:17,976 - INFO - Epoch [27/50], Step [200/844], Loss: 0.0000, Acc: 1.0000
2025-05-11 23:03:18,829 - INFO - Epoch [27/50], Step [300/844], Loss: 0.0000, Acc: 1.0000
2025-05-11 23:03:19,679 - INFO - Epoch [27/50], Step [400/844], Loss: 0.0000, Acc: 1.0000
2025-05-11 23:03:20,490 - INFO - Epoch [27/50], Step [500/844], Loss: 0.0000, Acc: 1.0000
2025-05-11 23:03:21,300 - INFO - Epoch [27/50], Step [600/844], Loss: 0.0000, Acc: 1.0000
2025-05-11 23:03:22,138 - INFO - Epoch [27/50], Step [700/844], Loss: 0.0000, Acc: 1.0000
2025-05-11 23:03:22,823 - INFO - Epoch [27/50], Step [800/844], Loss: 0.0000, Acc: 1.0000
2025-05-11 23:03:32,673 - INFO - Epoch [27/50] Summary: Train Loss: 0.0001, Train Acc: 1.0000 | Val Loss: 0.0417, Val Acc: 0.9937
2025-05-11 23:03:32,674 - INFO - Epoch 27: Learning rate updated to 0.000078
2025-05-11 23:03:42,433 - INFO - Epoch [28/50], Step [100/844], Loss: 0.0000, Acc: 1.0000
2025-05-11 23:03:43,223 - INFO - Epoch [28/50], Step [200/844], Loss: 0.0001, Acc: 1.0000
2025-05-11 23:03:44,031 - INFO - Epoch [28/50], Step [300/844], Loss: 0.0000, Acc: 1.0000
2025-05-11 23:03:44,763 - INFO - Epoch [28/50], Step [400/844], Loss: 0.0001, Acc: 1.0000
2025-05-11 23:03:45,457 - INFO - Epoch [28/50], Step [500/844], Loss: 0.0000, Acc: 1.0000
2025-05-11 23:03:46,150 - INFO - Epoch [28/50], Step [600/844], Loss: 0.0000, Acc: 1.0000
2025-05-11 23:03:46,927 - INFO - Epoch [28/50], Step [700/844], Loss: 0.0000, Acc: 1.0000
2025-05-11 23:03:47,757 - INFO - Epoch [28/50], Step [800/844], Loss: 0.0000, Acc: 1.0000
2025-05-11 23:03:57,983 - INFO - Epoch [28/50] Summary: Train Loss: 0.0001, Train Acc: 1.0000 | Val Loss: 0.0415, Val Acc: 0.9937
2025-05-11 23:03:57,983 - INFO - Epoch 28: Learning rate updated to 0.000078
2025-05-11 23:04:07,644 - INFO - Epoch [29/50], Step [100/844], Loss: 0.0000, Acc: 1.0000
2025-05-11 23:04:08,344 - INFO - Epoch [29/50], Step [200/844], Loss: 0.0000, Acc: 1.0000
2025-05-11 23:04:09,013 - INFO - Epoch [29/50], Step [300/844], Loss: 0.0001, Acc: 1.0000
2025-05-11 23:04:09,697 - INFO - Epoch [29/50], Step [400/844], Loss: 0.0000, Acc: 1.0000
2025-05-11 23:04:10,506 - INFO - Epoch [29/50], Step [500/844], Loss: 0.0000, Acc: 1.0000
2025-05-11 23:04:11,335 - INFO - Epoch [29/50], Step [600/844], Loss: 0.0000, Acc: 1.0000
2025-05-11 23:04:12,218 - INFO - Epoch [29/50], Step [700/844], Loss: 0.0000, Acc: 1.0000
2025-05-11 23:04:13,230 - INFO - Epoch [29/50], Step [800/844], Loss: 0.0000, Acc: 1.0000
2025-05-11 23:04:24,255 - INFO - Epoch [29/50] Summary: Train Loss: 0.0001, Train Acc: 1.0000 | Val Loss: 0.0446, Val Acc: 0.9930
2025-05-11 23:04:24,256 - INFO - Epoch 29: Learning rate updated to 0.000078
2025-05-11 23:04:34,983 - INFO - Epoch [30/50], Step [100/844], Loss: 0.0000, Acc: 1.0000
2025-05-11 23:04:35,744 - INFO - Epoch [30/50], Step [200/844], Loss: 0.0000, Acc: 1.0000
2025-05-11 23:04:36,581 - INFO - Epoch [30/50], Step [300/844], Loss: 0.0000, Acc: 1.0000
2025-05-11 23:04:37,398 - INFO - Epoch [30/50], Step [400/844], Loss: 0.0035, Acc: 1.0000
2025-05-11 23:04:38,224 - INFO - Epoch [30/50], Step [500/844], Loss: 0.0000, Acc: 1.0000
2025-05-11 23:04:39,063 - INFO - Epoch [30/50], Step [600/844], Loss: 0.0002, Acc: 1.0000
2025-05-11 23:04:40,018 - INFO - Epoch [30/50], Step [700/844], Loss: 0.0004, Acc: 1.0000
2025-05-11 23:04:40,878 - INFO - Epoch [30/50], Step [800/844], Loss: 0.0002, Acc: 1.0000
2025-05-11 23:04:51,341 - INFO - Epoch [30/50] Summary: Train Loss: 0.0002, Train Acc: 0.9999 | Val Loss: 0.0389, Val Acc: 0.9940
2025-05-11 23:04:51,342 - INFO - Epoch 30: Learning rate updated to 0.000047
2025-05-11 23:05:01,479 - INFO - Epoch [31/50], Step [100/844], Loss: 0.0027, Acc: 1.0000
2025-05-11 23:05:02,321 - INFO - Epoch [31/50], Step [200/844], Loss: 0.0007, Acc: 1.0000
2025-05-11 23:05:03,155 - INFO - Epoch [31/50], Step [300/844], Loss: 0.0000, Acc: 1.0000
2025-05-11 23:05:03,992 - INFO - Epoch [31/50], Step [400/844], Loss: 0.0001, Acc: 1.0000
2025-05-11 23:05:04,941 - INFO - Epoch [31/50], Step [500/844], Loss: 0.0000, Acc: 1.0000
2025-05-11 23:05:05,754 - INFO - Epoch [31/50], Step [600/844], Loss: 0.0000, Acc: 1.0000
2025-05-11 23:05:06,561 - INFO - Epoch [31/50], Step [700/844], Loss: 0.0000, Acc: 1.0000
2025-05-11 23:05:07,299 - INFO - Epoch [31/50], Step [800/844], Loss: 0.0000, Acc: 1.0000
2025-05-11 23:05:19,124 - INFO - Epoch [31/50] Summary: Train Loss: 0.0001, Train Acc: 1.0000 | Val Loss: 0.0413, Val Acc: 0.9943
2025-05-11 23:05:19,131 - INFO - Best model saved to runs\cnn_20250511_225316\cnn_best.pth with validation accuracy: 0.9943
2025-05-11 23:05:19,131 - INFO - Epoch 31: Learning rate updated to 0.000047
2025-05-11 23:05:29,079 - INFO - Epoch [32/50], Step [100/844], Loss: 0.0001, Acc: 1.0000
2025-05-11 23:05:30,031 - INFO - Epoch [32/50], Step [200/844], Loss: 0.0000, Acc: 1.0000
2025-05-11 23:05:30,997 - INFO - Epoch [32/50], Step [300/844], Loss: 0.0000, Acc: 1.0000
2025-05-11 23:05:31,900 - INFO - Epoch [32/50], Step [400/844], Loss: 0.0000, Acc: 1.0000
2025-05-11 23:05:32,742 - INFO - Epoch [32/50], Step [500/844], Loss: 0.0002, Acc: 1.0000
2025-05-11 23:05:33,565 - INFO - Epoch [32/50], Step [600/844], Loss: 0.0003, Acc: 1.0000
2025-05-11 23:05:34,366 - INFO - Epoch [32/50], Step [700/844], Loss: 0.0000, Acc: 1.0000
2025-05-11 23:05:35,076 - INFO - Epoch [32/50], Step [800/844], Loss: 0.0002, Acc: 1.0000
2025-05-11 23:05:45,081 - INFO - Epoch [32/50] Summary: Train Loss: 0.0001, Train Acc: 1.0000 | Val Loss: 0.0403, Val Acc: 0.9938
2025-05-11 23:05:45,082 - INFO - Epoch 32: Learning rate updated to 0.000047
2025-05-11 23:05:54,206 - INFO - Epoch [33/50], Step [100/844], Loss: 0.0001, Acc: 1.0000
2025-05-11 23:05:55,215 - INFO - Epoch [33/50], Step [200/844], Loss: 0.0000, Acc: 1.0000
2025-05-11 23:05:56,189 - INFO - Epoch [33/50], Step [300/844], Loss: 0.0000, Acc: 1.0000
2025-05-11 23:05:57,158 - INFO - Epoch [33/50], Step [400/844], Loss: 0.0000, Acc: 1.0000
2025-05-11 23:05:58,141 - INFO - Epoch [33/50], Step [500/844], Loss: 0.0001, Acc: 1.0000
2025-05-11 23:05:59,027 - INFO - Epoch [33/50], Step [600/844], Loss: 0.0001, Acc: 1.0000
2025-05-11 23:05:59,887 - INFO - Epoch [33/50], Step [700/844], Loss: 0.0000, Acc: 1.0000
2025-05-11 23:06:00,741 - INFO - Epoch [33/50], Step [800/844], Loss: 0.0002, Acc: 1.0000
2025-05-11 23:06:12,580 - INFO - Epoch [33/50] Summary: Train Loss: 0.0001, Train Acc: 1.0000 | Val Loss: 0.0397, Val Acc: 0.9942
2025-05-11 23:06:12,582 - INFO - Epoch 33: Learning rate updated to 0.000047
2025-05-11 23:06:22,324 - INFO - Epoch [34/50], Step [100/844], Loss: 0.0000, Acc: 1.0000
2025-05-11 23:06:24,012 - INFO - Epoch [34/50], Step [200/844], Loss: 0.0000, Acc: 1.0000
2025-05-11 23:06:25,866 - INFO - Epoch [34/50], Step [300/844], Loss: 0.0000, Acc: 1.0000
2025-05-11 23:06:27,814 - INFO - Epoch [34/50], Step [400/844], Loss: 0.0000, Acc: 1.0000
2025-05-11 23:06:29,747 - INFO - Epoch [34/50], Step [500/844], Loss: 0.0000, Acc: 1.0000
2025-05-11 23:06:31,861 - INFO - Epoch [34/50], Step [600/844], Loss: 0.0000, Acc: 1.0000
2025-05-11 23:06:33,466 - INFO - Epoch [34/50], Step [700/844], Loss: 0.0000, Acc: 1.0000
2025-05-11 23:06:35,147 - INFO - Epoch [34/50], Step [800/844], Loss: 0.0000, Acc: 1.0000
2025-05-11 23:06:49,455 - INFO - Epoch [34/50] Summary: Train Loss: 0.0001, Train Acc: 1.0000 | Val Loss: 0.0380, Val Acc: 0.9942
2025-05-11 23:06:49,456 - INFO - Epoch 34: Learning rate updated to 0.000047
2025-05-11 23:06:59,693 - INFO - Epoch [35/50], Step [100/844], Loss: 0.0000, Acc: 1.0000
2025-05-11 23:07:01,310 - INFO - Epoch [35/50], Step [200/844], Loss: 0.0000, Acc: 1.0000
2025-05-11 23:07:02,934 - INFO - Epoch [35/50], Step [300/844], Loss: 0.0000, Acc: 1.0000
2025-05-11 23:07:04,493 - INFO - Epoch [35/50], Step [400/844], Loss: 0.0000, Acc: 1.0000
2025-05-11 23:07:06,185 - INFO - Epoch [35/50], Step [500/844], Loss: 0.0004, Acc: 1.0000
2025-05-11 23:07:07,762 - INFO - Epoch [35/50], Step [600/844], Loss: 0.0000, Acc: 1.0000
2025-05-11 23:07:08,932 - INFO - Epoch [35/50], Step [700/844], Loss: 0.0000, Acc: 1.0000
2025-05-11 23:07:10,105 - INFO - Epoch [35/50], Step [800/844], Loss: 0.0000, Acc: 1.0000
2025-05-11 23:07:22,734 - INFO - Epoch [35/50] Summary: Train Loss: 0.0001, Train Acc: 1.0000 | Val Loss: 0.0430, Val Acc: 0.9933
2025-05-11 23:07:22,737 - INFO - Epoch 35: Learning rate updated to 0.000028
2025-05-11 23:07:32,955 - INFO - Epoch [36/50], Step [100/844], Loss: 0.0000, Acc: 1.0000
2025-05-11 23:07:34,745 - INFO - Epoch [36/50], Step [200/844], Loss: 0.0000, Acc: 1.0000
2025-05-11 23:07:36,365 - INFO - Epoch [36/50], Step [300/844], Loss: 0.0000, Acc: 1.0000
2025-05-11 23:07:38,239 - INFO - Epoch [36/50], Step [400/844], Loss: 0.0000, Acc: 1.0000
2025-05-11 23:07:39,701 - INFO - Epoch [36/50], Step [500/844], Loss: 0.0000, Acc: 1.0000
2025-05-11 23:07:40,816 - INFO - Epoch [36/50], Step [600/844], Loss: 0.0000, Acc: 1.0000
2025-05-11 23:07:42,209 - INFO - Epoch [36/50], Step [700/844], Loss: 0.0000, Acc: 1.0000
2025-05-11 23:07:43,571 - INFO - Epoch [36/50], Step [800/844], Loss: 0.0000, Acc: 1.0000
2025-05-11 23:07:56,825 - INFO - Epoch [36/50] Summary: Train Loss: 0.0001, Train Acc: 1.0000 | Val Loss: 0.0404, Val Acc: 0.9937
2025-05-11 23:07:56,826 - INFO - Epoch 36: Learning rate updated to 0.000028
2025-05-11 23:08:09,087 - INFO - Epoch [37/50], Step [100/844], Loss: 0.0000, Acc: 1.0000
2025-05-11 23:08:11,054 - INFO - Epoch [37/50], Step [200/844], Loss: 0.0000, Acc: 1.0000
2025-05-11 23:08:13,323 - INFO - Epoch [37/50], Step [300/844], Loss: 0.0000, Acc: 1.0000
2025-05-11 23:08:15,154 - INFO - Epoch [37/50], Step [400/844], Loss: 0.0000, Acc: 1.0000
2025-05-11 23:08:17,686 - INFO - Epoch [37/50], Step [500/844], Loss: 0.0000, Acc: 1.0000
2025-05-11 23:08:19,634 - INFO - Epoch [37/50], Step [600/844], Loss: 0.0000, Acc: 1.0000
2025-05-11 23:08:21,164 - INFO - Epoch [37/50], Step [700/844], Loss: 0.0000, Acc: 1.0000
2025-05-11 23:08:22,704 - INFO - Epoch [37/50], Step [800/844], Loss: 0.0000, Acc: 1.0000
2025-05-11 23:08:34,638 - INFO - Epoch [37/50] Summary: Train Loss: 0.0001, Train Acc: 1.0000 | Val Loss: 0.0409, Val Acc: 0.9938
2025-05-11 23:08:34,639 - INFO - Epoch 37: Learning rate updated to 0.000028
2025-05-11 23:08:45,140 - INFO - Epoch [38/50], Step [100/844], Loss: 0.0000, Acc: 1.0000
2025-05-11 23:08:45,890 - INFO - Epoch [38/50], Step [200/844], Loss: 0.0000, Acc: 1.0000
2025-05-11 23:08:46,613 - INFO - Epoch [38/50], Step [300/844], Loss: 0.0001, Acc: 1.0000
2025-05-11 23:08:47,352 - INFO - Epoch [38/50], Step [400/844], Loss: 0.0000, Acc: 1.0000
2025-05-11 23:08:48,123 - INFO - Epoch [38/50], Step [500/844], Loss: 0.0000, Acc: 1.0000
2025-05-11 23:08:49,073 - INFO - Epoch [38/50], Step [600/844], Loss: 0.0000, Acc: 1.0000
2025-05-11 23:08:49,872 - INFO - Epoch [38/50], Step [700/844], Loss: 0.0000, Acc: 1.0000
2025-05-11 23:08:50,614 - INFO - Epoch [38/50], Step [800/844], Loss: 0.0000, Acc: 1.0000
2025-05-11 23:09:02,323 - INFO - Epoch [38/50] Summary: Train Loss: 0.0001, Train Acc: 1.0000 | Val Loss: 0.0382, Val Acc: 0.9937
2025-05-11 23:09:02,323 - INFO - Epoch 38: Learning rate updated to 0.000028
2025-05-11 23:09:12,856 - INFO - Epoch [39/50], Step [100/844], Loss: 0.0000, Acc: 1.0000
2025-05-11 23:09:13,637 - INFO - Epoch [39/50], Step [200/844], Loss: 0.0000, Acc: 1.0000
2025-05-11 23:09:14,407 - INFO - Epoch [39/50], Step [300/844], Loss: 0.0000, Acc: 1.0000
2025-05-11 23:09:15,193 - INFO - Epoch [39/50], Step [400/844], Loss: 0.0000, Acc: 1.0000
2025-05-11 23:09:16,078 - INFO - Epoch [39/50], Step [500/844], Loss: 0.0001, Acc: 1.0000
2025-05-11 23:09:16,855 - INFO - Epoch [39/50], Step [600/844], Loss: 0.0000, Acc: 1.0000
2025-05-11 23:09:17,662 - INFO - Epoch [39/50], Step [700/844], Loss: 0.0000, Acc: 1.0000
2025-05-11 23:09:18,436 - INFO - Epoch [39/50], Step [800/844], Loss: 0.0000, Acc: 1.0000
2025-05-11 23:09:32,376 - INFO - Epoch [39/50] Summary: Train Loss: 0.0000, Train Acc: 1.0000 | Val Loss: 0.0385, Val Acc: 0.9938
2025-05-11 23:09:32,383 - INFO - Epoch 39: Learning rate updated to 0.000028
2025-05-11 23:09:44,429 - INFO - Epoch [40/50], Step [100/844], Loss: 0.0001, Acc: 1.0000
2025-05-11 23:09:46,670 - INFO - Epoch [40/50], Step [200/844], Loss: 0.0000, Acc: 1.0000
2025-05-11 23:09:48,523 - INFO - Epoch [40/50], Step [300/844], Loss: 0.0000, Acc: 1.0000
2025-05-11 23:09:50,234 - INFO - Epoch [40/50], Step [400/844], Loss: 0.0011, Acc: 1.0000
2025-05-11 23:09:51,558 - INFO - Epoch [40/50], Step [500/844], Loss: 0.0000, Acc: 1.0000
2025-05-11 23:09:52,970 - INFO - Epoch [40/50], Step [600/844], Loss: 0.0000, Acc: 1.0000
2025-05-11 23:09:54,291 - INFO - Epoch [40/50], Step [700/844], Loss: 0.0000, Acc: 1.0000
2025-05-11 23:09:55,730 - INFO - Epoch [40/50], Step [800/844], Loss: 0.0000, Acc: 1.0000
2025-05-11 23:10:07,981 - INFO - Epoch [40/50] Summary: Train Loss: 0.0000, Train Acc: 1.0000 | Val Loss: 0.0360, Val Acc: 0.9937
2025-05-11 23:10:07,982 - INFO - Epoch 40: Learning rate updated to 0.000017
2025-05-11 23:10:17,592 - INFO - Epoch [41/50], Step [100/844], Loss: 0.0000, Acc: 1.0000
2025-05-11 23:10:19,093 - INFO - Epoch [41/50], Step [200/844], Loss: 0.0000, Acc: 1.0000
2025-05-11 23:10:20,185 - INFO - Epoch [41/50], Step [300/844], Loss: 0.0000, Acc: 1.0000
2025-05-11 23:10:21,522 - INFO - Epoch [41/50], Step [400/844], Loss: 0.0000, Acc: 1.0000
2025-05-11 23:10:22,682 - INFO - Epoch [41/50], Step [500/844], Loss: 0.0001, Acc: 1.0000
2025-05-11 23:10:24,072 - INFO - Epoch [41/50], Step [600/844], Loss: 0.0000, Acc: 1.0000
2025-05-11 23:10:25,748 - INFO - Epoch [41/50], Step [700/844], Loss: 0.0000, Acc: 1.0000
2025-05-11 23:10:27,055 - INFO - Epoch [41/50], Step [800/844], Loss: 0.0010, Acc: 1.0000
2025-05-11 23:10:39,941 - INFO - Epoch [41/50] Summary: Train Loss: 0.0001, Train Acc: 1.0000 | Val Loss: 0.0380, Val Acc: 0.9942
2025-05-11 23:10:39,941 - INFO - Epoch 41: Learning rate updated to 0.000017
2025-05-11 23:10:49,280 - INFO - Epoch [42/50], Step [100/844], Loss: 0.0000, Acc: 1.0000
2025-05-11 23:10:50,575 - INFO - Epoch [42/50], Step [200/844], Loss: 0.0000, Acc: 1.0000
2025-05-11 23:10:51,975 - INFO - Epoch [42/50], Step [300/844], Loss: 0.0000, Acc: 1.0000
2025-05-11 23:10:53,736 - INFO - Epoch [42/50], Step [400/844], Loss: 0.0000, Acc: 1.0000
2025-05-11 23:10:55,772 - INFO - Epoch [42/50], Step [500/844], Loss: 0.0000, Acc: 1.0000
2025-05-11 23:10:57,641 - INFO - Epoch [42/50], Step [600/844], Loss: 0.0000, Acc: 1.0000
2025-05-11 23:10:59,269 - INFO - Epoch [42/50], Step [700/844], Loss: 0.0000, Acc: 1.0000
2025-05-11 23:11:01,156 - INFO - Epoch [42/50], Step [800/844], Loss: 0.0000, Acc: 1.0000
2025-05-11 23:11:14,919 - INFO - Epoch [42/50] Summary: Train Loss: 0.0001, Train Acc: 1.0000 | Val Loss: 0.0390, Val Acc: 0.9937
2025-05-11 23:11:14,921 - INFO - Epoch 42: Learning rate updated to 0.000017
2025-05-11 23:11:25,617 - INFO - Epoch [43/50], Step [100/844], Loss: 0.0000, Acc: 1.0000
2025-05-11 23:11:27,754 - INFO - Epoch [43/50], Step [200/844], Loss: 0.0000, Acc: 1.0000
2025-05-11 23:11:29,990 - INFO - Epoch [43/50], Step [300/844], Loss: 0.0000, Acc: 1.0000
2025-05-11 23:11:32,344 - INFO - Epoch [43/50], Step [400/844], Loss: 0.0000, Acc: 1.0000
2025-05-11 23:11:34,601 - INFO - Epoch [43/50], Step [500/844], Loss: 0.0000, Acc: 1.0000
2025-05-11 23:11:37,024 - INFO - Epoch [43/50], Step [600/844], Loss: 0.0000, Acc: 1.0000
2025-05-11 23:11:38,867 - INFO - Epoch [43/50], Step [700/844], Loss: 0.0000, Acc: 1.0000
2025-05-11 23:11:40,684 - INFO - Epoch [43/50], Step [800/844], Loss: 0.0000, Acc: 1.0000
2025-05-11 23:11:51,722 - INFO - Epoch [43/50] Summary: Train Loss: 0.0000, Train Acc: 1.0000 | Val Loss: 0.0383, Val Acc: 0.9942
2025-05-11 23:11:51,722 - INFO - Epoch 43: Learning rate updated to 0.000017
2025-05-11 23:12:00,766 - INFO - Epoch [44/50], Step [100/844], Loss: 0.0000, Acc: 1.0000
2025-05-11 23:12:01,398 - INFO - Epoch [44/50], Step [200/844], Loss: 0.0000, Acc: 1.0000
2025-05-11 23:12:02,072 - INFO - Epoch [44/50], Step [300/844], Loss: 0.0000, Acc: 1.0000
2025-05-11 23:12:02,744 - INFO - Epoch [44/50], Step [400/844], Loss: 0.0000, Acc: 1.0000
2025-05-11 23:12:03,406 - INFO - Epoch [44/50], Step [500/844], Loss: 0.0000, Acc: 1.0000
2025-05-11 23:12:04,085 - INFO - Epoch [44/50], Step [600/844], Loss: 0.0000, Acc: 1.0000
2025-05-11 23:12:04,741 - INFO - Epoch [44/50], Step [700/844], Loss: 0.0000, Acc: 1.0000
2025-05-11 23:12:05,605 - INFO - Epoch [44/50], Step [800/844], Loss: 0.0000, Acc: 1.0000
2025-05-11 23:12:14,793 - INFO - Epoch [44/50] Summary: Train Loss: 0.0001, Train Acc: 1.0000 | Val Loss: 0.0374, Val Acc: 0.9940
2025-05-11 23:12:14,795 - INFO - Epoch 44: Learning rate updated to 0.000017
2025-05-11 23:12:22,865 - INFO - Epoch [45/50], Step [100/844], Loss: 0.0000, Acc: 1.0000
2025-05-11 23:12:23,532 - INFO - Epoch [45/50], Step [200/844], Loss: 0.0000, Acc: 1.0000
2025-05-11 23:12:24,219 - INFO - Epoch [45/50], Step [300/844], Loss: 0.0000, Acc: 1.0000
2025-05-11 23:12:24,939 - INFO - Epoch [45/50], Step [400/844], Loss: 0.0000, Acc: 1.0000
2025-05-11 23:12:25,647 - INFO - Epoch [45/50], Step [500/844], Loss: 0.0000, Acc: 1.0000
2025-05-11 23:12:26,480 - INFO - Epoch [45/50], Step [600/844], Loss: 0.0000, Acc: 1.0000
2025-05-11 23:12:27,430 - INFO - Epoch [45/50], Step [700/844], Loss: 0.0000, Acc: 1.0000
2025-05-11 23:12:28,444 - INFO - Epoch [45/50], Step [800/844], Loss: 0.0000, Acc: 1.0000
2025-05-11 23:12:37,142 - INFO - Epoch [45/50] Summary: Train Loss: 0.0001, Train Acc: 1.0000 | Val Loss: 0.0398, Val Acc: 0.9938
2025-05-11 23:12:37,142 - INFO - Epoch 45: Learning rate updated to 0.000010
2025-05-11 23:12:44,394 - INFO - Epoch [46/50], Step [100/844], Loss: 0.0000, Acc: 1.0000
2025-05-11 23:12:45,036 - INFO - Epoch [46/50], Step [200/844], Loss: 0.0000, Acc: 1.0000
2025-05-11 23:12:45,688 - INFO - Epoch [46/50], Step [300/844], Loss: 0.0000, Acc: 1.0000
2025-05-11 23:12:46,554 - INFO - Epoch [46/50], Step [400/844], Loss: 0.0000, Acc: 1.0000
2025-05-11 23:12:47,488 - INFO - Epoch [46/50], Step [500/844], Loss: 0.0000, Acc: 1.0000
2025-05-11 23:12:48,427 - INFO - Epoch [46/50], Step [600/844], Loss: 0.0000, Acc: 1.0000
2025-05-11 23:12:49,356 - INFO - Epoch [46/50], Step [700/844], Loss: 0.0000, Acc: 1.0000
2025-05-11 23:12:50,293 - INFO - Epoch [46/50], Step [800/844], Loss: 0.0000, Acc: 1.0000
2025-05-11 23:12:58,929 - INFO - Epoch [46/50] Summary: Train Loss: 0.0000, Train Acc: 1.0000 | Val Loss: 0.0390, Val Acc: 0.9938
2025-05-11 23:12:58,929 - INFO - Epoch 46: Learning rate updated to 0.000010
2025-05-11 23:13:06,586 - INFO - Epoch [47/50], Step [100/844], Loss: 0.0000, Acc: 1.0000
2025-05-11 23:13:07,456 - INFO - Epoch [47/50], Step [200/844], Loss: 0.0000, Acc: 1.0000
2025-05-11 23:13:08,427 - INFO - Epoch [47/50], Step [300/844], Loss: 0.0000, Acc: 1.0000
2025-05-11 23:13:09,382 - INFO - Epoch [47/50], Step [400/844], Loss: 0.0001, Acc: 1.0000
2025-05-11 23:13:10,353 - INFO - Epoch [47/50], Step [500/844], Loss: 0.0000, Acc: 1.0000
2025-05-11 23:13:11,321 - INFO - Epoch [47/50], Step [600/844], Loss: 0.0005, Acc: 1.0000
2025-05-11 23:13:12,292 - INFO - Epoch [47/50], Step [700/844], Loss: 0.0000, Acc: 1.0000
2025-05-11 23:13:13,262 - INFO - Epoch [47/50], Step [800/844], Loss: 0.0000, Acc: 1.0000
2025-05-11 23:13:22,177 - INFO - Epoch [47/50] Summary: Train Loss: 0.0001, Train Acc: 1.0000 | Val Loss: 0.0384, Val Acc: 0.9937
2025-05-11 23:13:22,178 - INFO - Epoch 47: Learning rate updated to 0.000010
2025-05-11 23:13:29,860 - INFO - Epoch [48/50], Step [100/844], Loss: 0.0000, Acc: 1.0000
2025-05-11 23:13:30,797 - INFO - Epoch [48/50], Step [200/844], Loss: 0.0000, Acc: 1.0000
2025-05-11 23:13:31,740 - INFO - Epoch [48/50], Step [300/844], Loss: 0.0000, Acc: 1.0000
2025-05-11 23:13:32,682 - INFO - Epoch [48/50], Step [400/844], Loss: 0.0000, Acc: 1.0000
2025-05-11 23:13:33,622 - INFO - Epoch [48/50], Step [500/844], Loss: 0.0000, Acc: 1.0000
2025-05-11 23:13:34,567 - INFO - Epoch [48/50], Step [600/844], Loss: 0.0000, Acc: 1.0000
2025-05-11 23:13:35,510 - INFO - Epoch [48/50], Step [700/844], Loss: 0.0000, Acc: 1.0000
2025-05-11 23:13:36,451 - INFO - Epoch [48/50], Step [800/844], Loss: 0.0000, Acc: 1.0000
2025-05-11 23:13:44,965 - INFO - Epoch [48/50] Summary: Train Loss: 0.0000, Train Acc: 1.0000 | Val Loss: 0.0382, Val Acc: 0.9938
2025-05-11 23:13:44,965 - INFO - Epoch 48: Learning rate updated to 0.000010
2025-05-11 23:13:52,686 - INFO - Epoch [49/50], Step [100/844], Loss: 0.0000, Acc: 1.0000
2025-05-11 23:13:53,624 - INFO - Epoch [49/50], Step [200/844], Loss: 0.0000, Acc: 1.0000
2025-05-11 23:13:54,565 - INFO - Epoch [49/50], Step [300/844], Loss: 0.0000, Acc: 1.0000
2025-05-11 23:13:55,505 - INFO - Epoch [49/50], Step [400/844], Loss: 0.0000, Acc: 1.0000
2025-05-11 23:13:56,444 - INFO - Epoch [49/50], Step [500/844], Loss: 0.0000, Acc: 1.0000
2025-05-11 23:13:57,386 - INFO - Epoch [49/50], Step [600/844], Loss: 0.0000, Acc: 1.0000
2025-05-11 23:13:58,332 - INFO - Epoch [49/50], Step [700/844], Loss: 0.0000, Acc: 1.0000
2025-05-11 23:13:59,087 - INFO - Epoch [49/50], Step [800/844], Loss: 0.0000, Acc: 1.0000
2025-05-11 23:14:07,243 - INFO - Epoch [49/50] Summary: Train Loss: 0.0000, Train Acc: 1.0000 | Val Loss: 0.0370, Val Acc: 0.9940
2025-05-11 23:14:07,243 - INFO - Epoch 49: Learning rate updated to 0.000010
2025-05-11 23:14:14,972 - INFO - Epoch [50/50], Step [100/844], Loss: 0.0000, Acc: 1.0000
2025-05-11 23:14:15,903 - INFO - Epoch [50/50], Step [200/844], Loss: 0.0000, Acc: 1.0000
2025-05-11 23:14:16,851 - INFO - Epoch [50/50], Step [300/844], Loss: 0.0000, Acc: 1.0000
2025-05-11 23:14:17,789 - INFO - Epoch [50/50], Step [400/844], Loss: 0.0000, Acc: 1.0000
2025-05-11 23:14:18,720 - INFO - Epoch [50/50], Step [500/844], Loss: 0.0000, Acc: 1.0000
2025-05-11 23:14:19,460 - INFO - Epoch [50/50], Step [600/844], Loss: 0.0000, Acc: 1.0000
2025-05-11 23:14:20,124 - INFO - Epoch [50/50], Step [700/844], Loss: 0.0000, Acc: 1.0000
2025-05-11 23:14:20,785 - INFO - Epoch [50/50], Step [800/844], Loss: 0.0000, Acc: 1.0000
2025-05-11 23:14:29,231 - INFO - Epoch [50/50] Summary: Train Loss: 0.0000, Train Acc: 1.0000 | Val Loss: 0.0381, Val Acc: 0.9942
2025-05-11 23:14:29,231 - INFO - Epoch 50: Learning rate updated to 0.000006
2025-05-11 23:14:29,231 - INFO - Training finished.
2025-05-11 23:14:29,497 - INFO - Training curves saved to runs\cnn_20250511_225316\results\loss_accuracy_curves.png
